
C:\project\github\master-degree\heuristic and meta-heuristic search\project>java -jar -server -Dcom.sun.xml.internal.ws.transport.http.client.HttpTransportPipe.dump=false -Dfile.encoding=UTF-8 -Xms256m -Xmx1024m -XX:MaxPermSize=512M -XX:-HeapDumpOnOutOfMemoryError -Dsun.rmi.dgc.client.gcInterval=1800000 -Dsun.rmi.dgc.server.gcInterval=1800000 -XX:+UseParNewGC -XX:+UseConcMarkSweepGC -XX:+DisableExplicitGC target/project-1.0-SNAPSHOT.jar 100 5 
21:42:18 1 tai100_5-1 2.08 641.93
21:53:06 2 tai100_5-1 2.06 647.37
22:03:56 3 tai100_5-1 2.04 650.42
22:14:47 4 tai100_5-1 1.88 651.17
22:25:40 5 tai100_5-1 2.23 652.64
22:36:30 1 tai100_5-2 2.27 650.48
22:47:29 2 tai100_5-2 2.75 659.11
22:58:24 3 tai100_5-2 2.67 655.05
23:09:19 4 tai100_5-2 2.63 654.20
23:20:16 5 tai100_5-2 2.94 657.21
23:31:14 1 tai100_5-3 3.61 657.65
23:42:16 2 tai100_5-3 3.96 662.56
23:53:18 3 tai100_5-3 3.26 662.00
00:04:19 4 tai100_5-3 3.53 661.09
00:15:22 5 tai100_5-3 3.68 662.73
00:26:47 1 tai100_5-4 2.78 685.56
00:37:51 2 tai100_5-4 2.28 663.38
00:49:03 3 tai100_5-4 2.30 672.21
01:00:06 4 tai100_5-4 2.94 663.26
01:11:13 5 tai100_5-4 2.01 666.44
01:22:14 1 tai100_5-5 2.44 661.02
01:33:17 2 tai100_5-5 2.52 663.20
01:44:20 3 tai100_5-5 3.16 663.00
01:55:24 4 tai100_5-5 2.54 664.21
02:06:14 5 tai100_5-5 2.62 649.80
02:17:01 1 tai100_5-6 2.55 646.95
02:27:47 2 tai100_5-6 3.04 646.10
02:38:28 3 tai100_5-6 2.84 641.37
02:49:14 4 tai100_5-6 2.77 645.81
03:00:00 5 tai100_5-6 2.77 645.87
03:10:46 1 tai100_5-7 2.14 645.51
03:21:33 2 tai100_5-7 2.08 647.62
03:32:19 3 tai100_5-7 1.77 645.77
03:43:04 4 tai100_5-7 2.12 645.42
03:53:50 5 tai100_5-7 2.06 646.08
04:04:36 1 tai100_5-8 3.39 645.86
04:15:21 2 tai100_5-8 3.59 644.51
04:26:05 3 tai100_5-8 3.59 644.15
04:36:51 4 tai100_5-8 3.67 645.55
04:47:35 5 tai100_5-8 2.54 644.12
04:58:20 1 tai100_5-9 3.38 645.43
05:09:10 2 tai100_5-9 3.27 649.87
05:19:57 3 tai100_5-9 3.62 647.48
05:30:43 4 tai100_5-9 3.34 645.18
05:41:34 5 tai100_5-9 3.55 651.62
05:52:19 1 tai100_5-10 2.48 644.35
06:03:04 2 tai100_5-10 3.13 645.84
06:13:51 3 tai100_5-10 2.71 646.35
06:24:35 4 tai100_5-10 3.00 644.23
06:35:23 5 tai100_5-10 3.41 647.83
