
C:\project\github\master-degree\heuristic and meta-heuristic search\project>java -jar -server -Dcom.sun.xml.internal.ws.transport.http.client.HttpTransportPipe.dump=false -Dfile.encoding=UTF-8 -Xms256m -Xmx1024m -XX:MaxPermSize=512M -XX:-HeapDumpOnOutOfMemoryError -Dsun.rmi.dgc.client.gcInterval=1800000 -Dsun.rmi.dgc.server.gcInterval=1800000 -XX:+UseParNewGC -XX:+UseConcMarkSweepGC -XX:+DisableExplicitGC target/project-1.0-SNAPSHOT.jar 20 5 
17:34:45 1 tai20_5-1 8.69 7.30
17:34:53 2 tai20_5-1 7.63 7.52
17:34:59 3 tai20_5-1 6.90 6.94
17:35:07 4 tai20_5-1 7.71 7.09
17:35:14 5 tai20_5-1 8.36 6.99
17:35:21 1 tai20_5-2 7.21 6.97
17:35:28 2 tai20_5-2 7.21 7.04
17:35:34 3 tai20_5-2 7.21 6.93
17:35:42 4 tai20_5-2 7.21 7.04
17:35:49 5 tai20_5-2 7.21 7.01
17:35:55 1 tai20_5-3 9.88 6.86
17:36:03 2 tai20_5-3 10.90 7.36
17:36:10 3 tai20_5-3 8.85 6.92
17:36:17 4 tai20_5-3 9.23 6.93
17:36:24 5 tai20_5-3 9.04 7.06
17:36:31 1 tai20_5-4 7.73 7.09
17:36:38 2 tai20_5-4 7.26 6.93
17:36:45 3 tai20_5-4 7.73 7.01
17:36:52 4 tai20_5-4 6.55 6.81
17:36:58 5 tai20_5-4 7.81 6.91
17:37:06 1 tai20_5-5 6.59 7.18
17:37:13 2 tai20_5-5 6.43 6.94
17:37:19 3 tai20_5-5 6.51 6.80
17:37:26 4 tai20_5-5 5.68 6.92
17:37:33 5 tai20_5-5 6.93 7.06
17:37:40 1 tai20_5-6 4.32 6.95
17:37:47 2 tai20_5-6 3.56 6.79
17:37:54 3 tai20_5-6 3.64 6.81
17:38:01 4 tai20_5-6 4.58 6.92
17:38:08 5 tai20_5-6 4.07 7.01
17:38:15 1 tai20_5-7 3.83 6.92
17:38:22 2 tai20_5-7 2.94 6.92
17:38:29 3 tai20_5-7 2.85 6.94
17:38:35 4 tai20_5-7 3.34 6.87
17:38:42 5 tai20_5-7 4.00 6.93
17:38:49 1 tai20_5-8 11.79 6.89
17:38:56 2 tai20_5-8 11.54 6.91
17:39:03 3 tai20_5-8 10.77 6.89
17:39:10 4 tai20_5-8 9.66 7.05
17:39:17 5 tai20_5-8 12.05 7.10
17:39:24 1 tai20_5-9 8.13 7.19
17:39:31 2 tai20_5-9 7.63 6.92
17:39:38 3 tai20_5-9 7.55 7.02
17:39:45 4 tai20_5-9 7.63 6.99
17:39:52 5 tai20_5-9 7.63 7.10
17:39:59 1 tai20_5-10 8.32 6.91
17:40:06 2 tai20_5-10 8.60 6.87
17:40:13 3 tai20_5-10 9.06 7.04
17:40:20 4 tai20_5-10 7.30 7.12
17:40:27 5 tai20_5-10 9.52 6.94
