13:19:50 1 tai100_10-1 6167 5759 5770 29.56
13:20:20 2 tai100_10-1 6165 5759 5770 29.31
13:20:49 3 tai100_10-1 6230 5759 5770 29.28
13:21:18 4 tai100_10-1 6193 5759 5770 29.10
13:21:47 5 tai100_10-1 6220 5759 5770 29.44
13:22:17 1 tai100_10-2 5791 5345 5349 29.35
13:22:46 2 tai100_10-2 5754 5345 5349 29.12
13:23:15 3 tai100_10-2 5797 5345 5349 29.26
13:23:44 4 tai100_10-2 5805 5345 5349 29.22
13:24:14 5 tai100_10-2 5780 5345 5349 29.70
13:24:43 1 tai100_10-3 5985 5623 5677 29.30
13:25:12 2 tai100_10-3 5991 5623 5677 28.97
13:25:42 3 tai100_10-3 5999 5623 5677 29.29
13:26:11 4 tai100_10-3 6049 5623 5677 29.25
13:26:41 5 tai100_10-3 6036 5623 5677 29.66
13:27:10 1 tai100_10-4 6243 5732 5791 29.32
13:27:39 2 tai100_10-4 6199 5732 5791 29.32
13:28:08 3 tai100_10-4 6255 5732 5791 29.02
13:28:38 4 tai100_10-4 6243 5732 5791 29.24
13:29:07 5 tai100_10-4 6241 5732 5791 29.43
13:29:38 1 tai100_10-5 5897 5431 5468 31.47
13:30:12 2 tai100_10-5 5921 5431 5468 33.20
13:30:42 3 tai100_10-5 5910 5431 5468 30.19
13:31:18 4 tai100_10-5 5905 5431 5468 36.24
13:31:53 5 tai100_10-5 5889 5431 5468 34.89
13:32:24 1 tai100_10-6 5669 5246 5303 30.94
13:32:55 2 tai100_10-6 5655 5246 5303 31.23
13:33:29 3 tai100_10-6 5653 5246 5303 33.81
13:34:02 4 tai100_10-6 5664 5246 5303 33.31
13:34:36 5 tai100_10-6 5644 5246 5303 33.55
13:35:07 1 tai100_10-7 5889 5523 5599 31.46
13:35:40 2 tai100_10-7 5887 5523 5599 32.78
13:36:13 3 tai100_10-7 5898 5523 5599 32.57
13:36:46 4 tai100_10-7 5894 5523 5599 33.39
13:37:18 5 tai100_10-7 5908 5523 5599 32.26
13:37:50 1 tai100_10-8 6047 5556 5623 32.23
13:38:25 2 tai100_10-8 6009 5556 5623 34.07
13:38:56 3 tai100_10-8 6022 5556 5623 31.61
13:39:28 4 tai100_10-8 6005 5556 5623 32.05
13:40:00 5 tai100_10-8 6018 5556 5623 31.56
13:40:31 1 tai100_10-9 6231 5779 5875 31.71
13:41:04 2 tai100_10-9 6260 5779 5875 32.12
13:41:36 3 tai100_10-9 6220 5779 5875 32.00
13:42:07 4 tai100_10-9 6235 5779 5875 31.64
13:42:38 5 tai100_10-9 6218 5779 5875 31.13
13:43:11 1 tai100_10-10 6190 5830 5845 32.93
13:43:42 2 tai100_10-10 6193 5830 5845 30.91
13:44:14 3 tai100_10-10 6177 5830 5845 31.88
13:44:46 4 tai100_10-10 6192 5830 5845 31.56
13:45:18 5 tai100_10-10 6204 5830 5845 32.10
