12:55:59 1 tai100_5-1 5560 5437 5493 28.83
12:56:28 2 tai100_5-1 5537 5437 5493 28.57
12:56:58 3 tai100_5-1 5553 5437 5493 30.24
12:57:27 4 tai100_5-1 5551 5437 5493 29.26
12:57:56 5 tai100_5-1 5537 5437 5493 28.44
12:58:24 1 tai100_5-2 5357 5208 5268 28.55
12:58:53 2 tai100_5-2 5368 5208 5268 28.73
12:59:22 3 tai100_5-2 5347 5208 5268 29.03
12:59:51 4 tai100_5-2 5359 5208 5268 29.02
13:00:20 5 tai100_5-2 5375 5208 5268 28.59
13:00:48 1 tai100_5-3 5317 5130 5175 28.47
13:01:17 2 tai100_5-3 5316 5130 5175 28.53
13:01:45 3 tai100_5-3 5307 5130 5175 28.77
13:02:14 4 tai100_5-3 5300 5130 5175 28.51
13:02:42 5 tai100_5-3 5324 5130 5175 28.44
13:03:11 1 tai100_5-4 5100 4963 5014 28.52
13:03:39 2 tai100_5-4 5102 4963 5014 28.22
13:04:08 3 tai100_5-4 5096 4963 5014 28.53
13:04:36 4 tai100_5-4 5109 4963 5014 28.18
13:05:04 5 tai100_5-4 5103 4963 5014 28.13
13:05:32 1 tai100_5-5 5341 5195 5250 28.43
13:06:01 2 tai100_5-5 5331 5195 5250 28.20
13:06:29 3 tai100_5-5 5341 5195 5250 28.71
13:06:58 4 tai100_5-5 5332 5195 5250 28.46
13:07:26 5 tai100_5-5 5346 5195 5250 28.18
13:07:54 1 tai100_5-6 5194 5063 5135 28.51
13:08:23 2 tai100_5-6 5210 5063 5135 28.50
13:08:51 3 tai100_5-6 5202 5063 5135 28.47
13:09:20 4 tai100_5-6 5213 5063 5135 28.79
13:09:49 5 tai100_5-6 5212 5063 5135 28.65
13:10:17 1 tai100_5-7 5314 5198 5246 28.50
13:10:46 2 tai100_5-7 5301 5198 5246 28.72
13:11:15 3 tai100_5-7 5297 5198 5246 29.23
13:11:44 4 tai100_5-7 5305 5198 5246 28.49
13:12:12 5 tai100_5-7 5314 5198 5246 28.21
13:12:41 1 tai100_5-8 5212 5038 5106 28.85
13:13:10 2 tai100_5-8 5187 5038 5106 29.01
13:13:38 3 tai100_5-8 5214 5038 5106 28.40
13:14:07 4 tai100_5-8 5190 5038 5106 29.15
13:14:36 5 tai100_5-8 5209 5038 5106 28.26
13:15:04 1 tai100_5-9 5561 5385 5454 28.20
13:15:33 2 tai100_5-9 5546 5385 5454 28.81
13:16:02 3 tai100_5-9 5588 5385 5454 28.80
13:16:30 4 tai100_5-9 5572 5385 5454 28.74
13:16:59 5 tai100_5-9 5593 5385 5454 28.54
13:17:28 1 tai100_5-10 5461 5272 5328 28.78
13:17:56 2 tai100_5-10 5405 5272 5328 28.10
13:18:24 3 tai100_5-10 5450 5272 5328 28.29
13:18:52 4 tai100_5-10 5438 5272 5328 28.02
13:19:20 5 tai100_5-10 5421 5272 5328 28.27
