12:32:40 1 tai20_20-1 2417 1911 2297 2.11
12:32:42 2 tai20_20-1 2446 1911 2297 1.99
12:32:44 3 tai20_20-1 2419 1911 2297 1.94
12:32:46 4 tai20_20-1 2440 1911 2297 2.17
12:32:49 5 tai20_20-1 2422 1911 2297 2.31
12:32:51 1 tai20_20-2 2197 1711 2100 1.96
12:32:53 2 tai20_20-2 2196 1711 2100 1.95
12:32:55 3 tai20_20-2 2188 1711 2100 2.10
12:32:57 4 tai20_20-2 2199 1711 2100 2.49
12:32:59 5 tai20_20-2 2206 1711 2100 2.29
12:33:02 1 tai20_20-3 2468 1844 2326 2.24
12:33:04 2 tai20_20-3 2469 1844 2326 2.22
12:33:06 3 tai20_20-3 2476 1844 2326 2.00
12:33:08 4 tai20_20-3 2468 1844 2326 2.11
12:33:10 5 tai20_20-3 2481 1844 2326 2.19
12:33:12 1 tai20_20-4 2327 1810 2223 1.99
12:33:14 2 tai20_20-4 2348 1810 2223 1.98
12:33:16 3 tai20_20-4 2342 1810 2223 1.94
12:33:18 4 tai20_20-4 2357 1810 2223 2.03
12:33:20 5 tai20_20-4 2343 1810 2223 1.97
12:33:22 1 tai20_20-5 2407 1899 2291 2.32
12:33:25 2 tai20_20-5 2446 1899 2291 2.08
12:33:27 3 tai20_20-5 2428 1899 2291 1.98
12:33:28 4 tai20_20-5 2428 1899 2291 1.90
12:33:30 5 tai20_20-5 2433 1899 2291 1.90
12:33:32 1 tai20_20-6 2363 1875 2226 1.83
12:33:34 2 tai20_20-6 2360 1875 2226 1.82
12:33:36 3 tai20_20-6 2371 1875 2226 1.89
12:33:38 4 tai20_20-6 2345 1875 2226 1.83
12:33:40 5 tai20_20-6 2362 1875 2226 1.84
12:33:41 1 tai20_20-7 2381 1875 2273 1.87
12:33:43 2 tai20_20-7 2360 1875 2273 1.98
12:33:46 3 tai20_20-7 2379 1875 2273 2.15
12:33:47 4 tai20_20-7 2389 1875 2273 1.95
12:33:49 5 tai20_20-7 2368 1875 2273 1.96
12:33:51 1 tai20_20-8 2307 1880 2200 1.93
12:33:53 2 tai20_20-8 2338 1880 2200 1.93
12:33:55 3 tai20_20-8 2332 1880 2200 1.88
12:33:57 4 tai20_20-8 2328 1880 2200 1.89
12:33:59 5 tai20_20-8 2324 1880 2200 1.95
12:34:01 1 tai20_20-9 2366 1840 2237 1.95
12:34:03 2 tai20_20-9 2400 1840 2237 1.99
12:34:05 3 tai20_20-9 2394 1840 2237 2.17
12:34:07 4 tai20_20-9 2401 1840 2237 1.97
12:34:09 5 tai20_20-9 2364 1840 2237 2.10
12:34:11 1 tai20_20-10 2340 1900 2178 1.96
12:34:13 2 tai20_20-10 2290 1900 2178 1.94
12:34:15 3 tai20_20-10 2321 1900 2178 1.94
12:34:17 4 tai20_20-10 2322 1900 2178 1.90
12:34:19 5 tai20_20-10 2327 1900 2178 1.88
