12:29:27 1 tai20_5-1 1317 1232 1278 2.32
12:29:29 2 tai20_5-1 1327 1232 1278 1.84
12:29:31 3 tai20_5-1 1319 1232 1278 1.70
12:29:33 4 tai20_5-1 1322 1232 1278 1.69
12:29:34 5 tai20_5-1 1311 1232 1278 1.70
12:29:36 1 tai20_5-2 1383 1290 1359 1.60
12:29:37 2 tai20_5-2 1383 1290 1359 1.63
12:29:39 3 tai20_5-2 1383 1290 1359 1.68
12:29:41 4 tai20_5-2 1383 1290 1359 1.70
12:29:43 5 tai20_5-2 1383 1290 1359 1.84
12:29:44 1 tai20_5-3 1178 1073 1081 1.71
12:29:46 2 tai20_5-3 1175 1073 1081 1.64
12:29:48 3 tai20_5-3 1169 1073 1081 1.70
12:29:49 4 tai20_5-3 1177 1073 1081 1.74
12:29:51 5 tai20_5-3 1171 1073 1081 1.86
12:29:53 1 tai20_5-4 1360 1268 1293 1.79
12:29:55 2 tai20_5-4 1368 1268 1293 1.75
12:29:57 3 tai20_5-4 1361 1268 1293 1.75
12:29:59 4 tai20_5-4 1360 1268 1293 1.94
12:30:00 5 tai20_5-4 1360 1268 1293 1.84
12:30:03 1 tai20_5-5 1286 1198 1236 2.40
12:30:05 2 tai20_5-5 1275 1198 1236 2.24
12:30:07 3 tai20_5-5 1271 1198 1236 1.99
12:30:09 4 tai20_5-5 1282 1198 1236 1.89
12:30:11 5 tai20_5-5 1282 1198 1236 2.33
12:30:13 1 tai20_5-6 1231 1180 1195 2.02
12:30:15 2 tai20_5-6 1232 1180 1195 2.03
12:30:17 3 tai20_5-6 1224 1180 1195 2.00
12:30:19 4 tai20_5-6 1243 1180 1195 1.96
12:30:21 5 tai20_5-6 1217 1180 1195 1.93
12:30:23 1 tai20_5-7 1271 1226 1239 2.19
12:30:25 2 tai20_5-7 1276 1226 1239 2.00
12:30:27 3 tai20_5-7 1260 1226 1239 1.73
12:30:29 4 tai20_5-7 1274 1226 1239 1.70
12:30:31 5 tai20_5-7 1280 1226 1239 1.73
12:30:32 1 tai20_5-8 1290 1170 1206 1.74
12:30:34 2 tai20_5-8 1301 1170 1206 1.70
12:30:36 3 tai20_5-8 1283 1170 1206 1.68
12:30:37 4 tai20_5-8 1305 1170 1206 1.67
12:30:39 5 tai20_5-8 1298 1170 1206 1.71
12:30:41 1 tai20_5-9 1298 1206 1230 1.78
12:30:43 2 tai20_5-9 1294 1206 1230 1.90
12:30:45 3 tai20_5-9 1310 1206 1230 1.79
12:30:46 4 tai20_5-9 1299 1206 1230 1.76
12:30:48 5 tai20_5-9 1320 1206 1230 1.84
12:30:50 1 tai20_5-10 1177 1082 1108 2.33
12:30:53 2 tai20_5-10 1176 1082 1108 2.61
12:30:55 3 tai20_5-10 1173 1082 1108 1.97
12:30:57 4 tai20_5-10 1180 1082 1108 2.07
12:30:59 5 tai20_5-10 1181 1082 1108 1.96
