14:12:49 1 tai200_10-1 11341 10816 10868 112.00
14:14:45 2 tai200_10-1 11338 10816 10868 116.89
14:16:40 3 tai200_10-1 11336 10816 10868 114.91
14:18:34 4 tai200_10-1 11327 10816 10868 113.18
14:20:29 5 tai200_10-1 11322 10816 10868 115.86
14:22:31 1 tai200_10-2 11238 10422 10494 122.10
14:24:28 2 tai200_10-2 11240 10422 10494 116.41
14:26:24 3 tai200_10-2 11261 10422 10494 116.12
14:28:24 4 tai200_10-2 11288 10422 10494 120.03
14:30:22 5 tai200_10-2 11280 10422 10494 117.82
14:32:17 1 tai200_10-3 11502 10886 10922 115.00
14:34:05 2 tai200_10-3 11449 10886 10922 108.52
14:35:59 3 tai200_10-3 11477 10886 10922 113.35
14:37:57 4 tai200_10-3 11412 10886 10922 118.38
14:39:55 5 tai200_10-3 11428 10886 10922 118.01
14:41:52 1 tai200_10-4 11203 10794 10889 116.59
14:43:43 2 tai200_10-4 11262 10794 10889 111.76
14:45:36 3 tai200_10-4 11210 10794 10889 112.16
14:47:33 4 tai200_10-4 11217 10794 10889 117.04
14:49:30 5 tai200_10-4 11139 10794 10889 117.38
14:51:25 1 tai200_10-5 11154 10437 10524 114.90
14:53:20 2 tai200_10-5 11179 10437 10524 114.59
14:55:20 3 tai200_10-5 11188 10437 10524 120.45
14:57:29 4 tai200_10-5 11172 10437 10524 129.22
14:59:31 5 tai200_10-5 11195 10437 10524 121.62
15:01:36 1 tai200_10-6 11013 10255 10331 125.58
15:03:31 2 tai200_10-6 11008 10255 10331 114.11
15:05:25 3 tai200_10-6 10995 10255 10331 114.29
15:07:19 4 tai200_10-6 11000 10255 10331 113.73
15:09:17 5 tai200_10-6 11033 10255 10331 118.51
15:11:11 1 tai200_10-7 11415 10761 10857 113.72
15:13:08 2 tai200_10-7 11449 10761 10857 117.07
15:15:05 3 tai200_10-7 11433 10761 10857 117.41
15:17:03 4 tai200_10-7 11457 10761 10857 117.70
15:19:00 5 tai200_10-7 11454 10761 10857 116.86
15:20:56 1 tai200_10-8 11301 10663 10731 116.28
15:22:51 2 tai200_10-8 11373 10663 10731 114.51
15:24:53 3 tai200_10-8 11308 10663 10731 122.69
15:26:41 4 tai200_10-8 11286 10663 10731 108.13
15:28:32 5 tai200_10-8 11319 10663 10731 110.27
15:30:25 1 tai200_10-9 11108 10348 10438 113.29
15:32:19 2 tai200_10-9 11116 10348 10438 114.28
15:34:18 3 tai200_10-9 11126 10348 10438 118.42
15:36:12 4 tai200_10-9 11102 10348 10438 113.85
15:38:09 5 tai200_10-9 11168 10348 10438 117.87
15:40:08 1 tai200_10-10 11318 10616 10676 118.11
15:42:04 2 tai200_10-10 11317 10616 10676 116.27
15:43:58 3 tai200_10-10 11321 10616 10676 114.39
15:45:57 4 tai200_10-10 11316 10616 10676 118.94
15:47:49 5 tai200_10-10 11340 10616 10676 111.62
