12:41:28 1 tai50_10-1 3312 2907 3025 8.66
12:41:37 2 tai50_10-1 3306 2907 3025 8.91
12:41:45 3 tai50_10-1 3318 2907 3025 8.69
12:41:54 4 tai50_10-1 3326 2907 3025 8.42
12:42:02 5 tai50_10-1 3322 2907 3025 8.50
12:42:11 1 tai50_10-2 3207 2821 2892 8.74
12:42:20 2 tai50_10-2 3205 2821 2892 9.11
12:42:29 3 tai50_10-2 3162 2821 2892 8.75
12:42:38 4 tai50_10-2 3207 2821 2892 8.57
12:42:47 5 tai50_10-2 3176 2821 2892 9.10
12:42:55 1 tai50_10-3 3195 2801 2864 8.51
12:43:04 2 tai50_10-3 3240 2801 2864 8.40
12:43:12 3 tai50_10-3 3218 2801 2864 8.55
12:43:20 4 tai50_10-3 3193 2801 2864 8.21
12:43:29 5 tai50_10-3 3209 2801 2864 8.18
12:43:37 1 tai50_10-4 3326 2968 3064 8.18
12:43:45 2 tai50_10-4 3260 2968 3064 8.45
12:43:53 3 tai50_10-4 3345 2968 3064 8.18
12:44:02 4 tai50_10-4 3319 2968 3064 8.21
12:44:10 5 tai50_10-4 3329 2968 3064 8.23
12:44:18 1 tai50_10-5 3321 2908 2986 8.19
12:44:26 2 tai50_10-5 3311 2908 2986 8.16
12:44:34 3 tai50_10-5 3316 2908 2986 8.31
12:44:43 4 tai50_10-5 3306 2908 2986 8.21
12:44:51 5 tai50_10-5 3297 2908 2986 8.13
12:44:59 1 tai50_10-6 3249 2941 3006 8.36
12:45:07 2 tai50_10-6 3247 2941 3006 8.36
12:45:16 3 tai50_10-6 3246 2941 3006 8.17
12:45:24 4 tai50_10-6 3269 2941 3006 8.18
12:45:32 5 tai50_10-6 3251 2941 3006 8.19
12:45:40 1 tai50_10-7 3380 3062 3107 8.15
12:45:48 2 tai50_10-7 3362 3062 3107 8.11
12:45:57 3 tai50_10-7 3351 3062 3107 8.59
12:46:05 4 tai50_10-7 3346 3062 3107 8.21
12:46:13 5 tai50_10-7 3358 3062 3107 8.34
12:46:22 1 tai50_10-8 3336 2959 3039 8.13
12:46:30 2 tai50_10-8 3329 2959 3039 8.20
12:46:38 3 tai50_10-8 3318 2959 3039 8.16
12:46:46 4 tai50_10-8 3330 2959 3039 8.17
12:46:54 5 tai50_10-8 3319 2959 3039 8.15
12:47:03 1 tai50_10-9 3175 2795 2902 8.27
12:47:11 2 tai50_10-9 3157 2795 2902 8.07
12:47:19 3 tai50_10-9 3175 2795 2902 8.27
12:47:27 4 tai50_10-9 3175 2795 2902 8.20
12:47:35 5 tai50_10-9 3168 2795 2902 8.42
12:47:44 1 tai50_10-10 3358 3046 3091 8.36
12:47:52 2 tai50_10-10 3319 3046 3091 8.29
12:48:01 3 tai50_10-10 3347 3046 3091 8.49
12:48:09 4 tai50_10-10 3340 3046 3091 8.31
12:48:17 5 tai50_10-10 3345 3046 3091 8.41
