12:48:27 1 tai50_20-1 4326 3480 3875 8.81
12:48:35 2 tai50_20-1 4352 3480 3875 8.68
12:48:44 3 tai50_20-1 4316 3480 3875 8.61
12:48:53 4 tai50_20-1 4327 3480 3875 8.67
12:49:02 5 tai50_20-1 4297 3480 3875 8.86
12:49:10 1 tai50_20-2 4182 3424 3715 8.77
12:49:19 2 tai50_20-2 4187 3424 3715 8.62
12:49:27 3 tai50_20-2 4162 3424 3715 8.46
12:49:36 4 tai50_20-2 4165 3424 3715 8.66
12:49:45 5 tai50_20-2 4155 3424 3715 8.64
12:49:53 1 tai50_20-3 4074 3351 3668 8.49
12:50:02 2 tai50_20-3 4096 3351 3668 8.67
12:50:10 3 tai50_20-3 4098 3351 3668 8.56
12:50:19 4 tai50_20-3 4062 3351 3668 8.53
12:50:28 5 tai50_20-3 4103 3351 3668 8.76
12:50:36 1 tai50_20-4 4194 3336 3752 8.59
12:50:45 2 tai50_20-4 4193 3336 3752 8.56
12:50:53 3 tai50_20-4 4201 3336 3752 8.54
12:51:02 4 tai50_20-4 4202 3336 3752 8.64
12:51:11 5 tai50_20-4 4176 3336 3752 8.52
12:51:19 1 tai50_20-5 4105 3313 3635 8.51
12:51:28 2 tai50_20-5 4106 3313 3635 8.71
12:51:36 3 tai50_20-5 4083 3313 3635 8.63
12:51:45 4 tai50_20-5 4107 3313 3635 8.54
12:51:54 5 tai50_20-5 4126 3313 3635 8.57
12:52:02 1 tai50_20-6 4101 3460 3698 8.65
12:52:11 2 tai50_20-6 4105 3460 3698 8.71
12:52:19 3 tai50_20-6 4103 3460 3698 8.46
12:52:28 4 tai50_20-6 4113 3460 3698 8.64
12:52:37 5 tai50_20-6 4109 3460 3698 8.57
12:52:45 1 tai50_20-7 4188 3427 3716 8.85
12:52:54 2 tai50_20-7 4194 3427 3716 8.57
12:53:03 3 tai50_20-7 4203 3427 3716 8.83
12:53:11 4 tai50_20-7 4205 3427 3716 8.60
12:53:20 5 tai50_20-7 4209 3427 3716 8.64
12:53:29 1 tai50_20-8 4138 3383 3709 8.56
12:53:37 2 tai50_20-8 4144 3383 3709 8.52
12:53:46 3 tai50_20-8 4154 3383 3709 8.56
12:53:54 4 tai50_20-8 4160 3383 3709 8.73
12:54:03 5 tai50_20-8 4116 3383 3709 8.75
12:54:12 1 tai50_20-9 4240 3457 3765 8.63
12:54:20 2 tai50_20-9 4212 3457 3765 8.64
12:54:29 3 tai50_20-9 4193 3457 3765 8.60
12:54:37 4 tai50_20-9 4229 3457 3765 8.41
12:54:46 5 tai50_20-9 4187 3457 3765 8.59
12:54:55 1 tai50_20-10 4232 3438 3777 8.62
12:55:04 2 tai50_20-10 4244 3438 3777 9.15
12:55:12 3 tai50_20-10 4229 3438 3777 8.60
12:55:21 4 tai50_20-10 4212 3438 3777 8.47
12:55:30 5 tai50_20-10 4229 3438 3777 9.16
