23:47:39 1 tai20_10-1 1735.00 1448 1582 0.09671 0.89
23:47:40 2 tai20_10-1 1742.00 1448 1582 0.10114 0.81
23:47:41 3 tai20_10-1 1728.00 1448 1582 0.09229 0.82
23:47:42 4 tai20_10-1 1758.00 1448 1582 0.11125 0.80
23:47:42 5 tai20_10-1 1704.00 1448 1582 0.07712 0.81
23:47:43 1 tai20_10-2 1818.00 1479 1659 0.09584 0.81
23:47:44 2 tai20_10-2 1798.00 1479 1659 0.08379 0.81
23:47:45 3 tai20_10-2 1794.00 1479 1659 0.08137 0.82
23:47:46 4 tai20_10-2 1798.00 1479 1659 0.08379 0.82
23:47:47 5 tai20_10-2 1777.00 1479 1659 0.07113 0.82
23:47:47 1 tai20_10-3 1661.00 1407 1496 0.11029 0.81
23:47:48 2 tai20_10-3 1660.00 1407 1496 0.10963 0.84
23:47:49 3 tai20_10-3 1657.00 1407 1496 0.10762 0.84
23:47:50 4 tai20_10-3 1634.00 1407 1496 0.09225 0.84
23:47:51 5 tai20_10-3 1673.00 1407 1496 0.11832 1.10
23:47:52 1 tai20_10-4 1525.00 1308 1378 0.10668 0.88
23:47:53 2 tai20_10-4 1578.00 1308 1378 0.14514 0.83
23:47:53 3 tai20_10-4 1565.00 1308 1378 0.13570 0.80
23:47:54 4 tai20_10-4 1532.00 1308 1378 0.11176 0.82
23:47:55 5 tai20_10-4 1564.00 1308 1378 0.13498 0.83
23:47:56 1 tai20_10-5 1549.00 1325 1419 0.09161 0.81
23:47:57 2 tai20_10-5 1564.00 1325 1419 0.10218 0.81
23:47:58 3 tai20_10-5 1588.00 1325 1419 0.11910 0.83
23:47:58 4 tai20_10-5 1594.00 1325 1419 0.12333 0.81
23:47:59 5 tai20_10-5 1614.00 1325 1419 0.13742 0.95
23:48:00 1 tai20_10-6 1515.00 1290 1397 0.08447 0.87
23:48:01 2 tai20_10-6 1511.00 1290 1397 0.08160 0.81
23:48:02 3 tai20_10-6 1521.00 1290 1397 0.08876 0.80
23:48:03 4 tai20_10-6 1516.00 1290 1397 0.08518 0.81
23:48:03 5 tai20_10-6 1476.00 1290 1397 0.05655 0.80
23:48:04 1 tai20_10-7 1656.00 1388 1484 0.11590 0.83
23:48:05 2 tai20_10-7 1610.00 1388 1484 0.08491 0.81
23:48:06 3 tai20_10-7 1634.00 1388 1484 0.10108 0.82
23:48:07 4 tai20_10-7 1621.00 1388 1484 0.09232 0.81
23:48:07 5 tai20_10-7 1599.00 1388 1484 0.07749 0.82
23:48:08 1 tai20_10-8 1657.00 1363 1538 0.07737 0.80
23:48:09 2 tai20_10-8 1668.00 1363 1538 0.08453 0.80
23:48:10 3 tai20_10-8 1687.00 1363 1538 0.09688 0.80
23:48:11 4 tai20_10-8 1649.00 1363 1538 0.07217 0.83
23:48:12 5 tai20_10-8 1681.00 1363 1538 0.09298 0.81
23:48:12 1 tai20_10-9 1699.00 1472 1593 0.06654 0.82
23:48:13 2 tai20_10-9 1685.00 1472 1593 0.05775 0.81
23:48:14 3 tai20_10-9 1709.00 1472 1593 0.07282 0.80
23:48:15 4 tai20_10-9 1729.00 1472 1593 0.08537 0.80
23:48:16 5 tai20_10-9 1704.00 1472 1593 0.06968 0.82
23:48:16 1 tai20_10-10 1710.00 1356 1591 0.07480 0.83
23:48:17 2 tai20_10-10 1755.00 1356 1591 0.10308 0.80
23:48:18 3 tai20_10-10 1747.00 1356 1591 0.09805 0.81
23:48:19 4 tai20_10-10 1683.00 1356 1591 0.05783 0.82
23:48:20 5 tai20_10-10 1734.00 1356 1591 0.08988 0.86
