23:48:21 1 tai20_20-1 2506.00 1911 2297 0.09099 0.96
23:48:22 2 tai20_20-1 2484.00 1911 2297 0.08141 0.87
23:48:23 3 tai20_20-1 2420.00 1911 2297 0.05355 0.89
23:48:24 4 tai20_20-1 2496.00 1911 2297 0.08663 0.89
23:48:25 5 tai20_20-1 2488.00 1911 2297 0.08315 0.88
23:48:25 1 tai20_20-2 2275.00 1711 2100 0.08333 0.88
23:48:26 2 tai20_20-2 2210.00 1711 2100 0.05238 0.87
23:48:27 3 tai20_20-2 2272.00 1711 2100 0.08190 0.87
23:48:28 4 tai20_20-2 2234.00 1711 2100 0.06381 0.86
23:48:29 5 tai20_20-2 2255.00 1711 2100 0.07381 0.87
23:48:30 1 tai20_20-3 2544.00 1844 2326 0.09372 0.87
23:48:31 2 tai20_20-3 2484.00 1844 2326 0.06793 0.87
23:48:31 3 tai20_20-3 2470.00 1844 2326 0.06191 0.87
23:48:32 4 tai20_20-3 2518.00 1844 2326 0.08255 0.87
23:48:33 5 tai20_20-3 2519.00 1844 2326 0.08298 0.86
23:48:34 1 tai20_20-4 2375.00 1810 2223 0.06838 0.89
23:48:35 2 tai20_20-4 2407.00 1810 2223 0.08277 1.01
23:48:36 3 tai20_20-4 2410.00 1810 2223 0.08412 0.88
23:48:37 4 tai20_20-4 2381.00 1810 2223 0.07108 0.87
23:48:38 5 tai20_20-4 2385.00 1810 2223 0.07287 0.88
23:48:39 1 tai20_20-5 2472.00 1899 2291 0.07900 0.88
23:48:39 2 tai20_20-5 2467.00 1899 2291 0.07682 0.87
23:48:40 3 tai20_20-5 2533.00 1899 2291 0.10563 0.86
23:48:41 4 tai20_20-5 2493.00 1899 2291 0.08817 0.88
23:48:42 5 tai20_20-5 2490.00 1899 2291 0.08686 0.88
23:48:43 1 tai20_20-6 2395.00 1875 2226 0.07592 0.87
23:48:44 2 tai20_20-6 2429.00 1875 2226 0.09119 0.86
23:48:45 3 tai20_20-6 2388.00 1875 2226 0.07278 0.92
23:48:46 4 tai20_20-6 2391.00 1875 2226 0.07412 0.90
23:48:47 5 tai20_20-6 2428.00 1875 2226 0.09075 0.86
23:48:47 1 tai20_20-7 2430.00 1875 2273 0.06907 0.88
23:48:48 2 tai20_20-7 2398.00 1875 2273 0.05499 0.88
23:48:49 3 tai20_20-7 2444.00 1875 2273 0.07523 0.86
23:48:50 4 tai20_20-7 2430.00 1875 2273 0.06907 0.87
23:48:51 5 tai20_20-7 2457.00 1875 2273 0.08095 0.86
23:48:52 1 tai20_20-8 2357.00 1880 2200 0.07136 0.85
23:48:53 2 tai20_20-8 2411.00 1880 2200 0.09591 0.86
23:48:53 3 tai20_20-8 2421.00 1880 2200 0.10045 0.85
23:48:54 4 tai20_20-8 2354.00 1880 2200 0.07000 0.85
23:48:55 5 tai20_20-8 2350.00 1880 2200 0.06818 0.85
23:48:56 1 tai20_20-9 2447.00 1840 2237 0.09388 0.86
23:48:57 2 tai20_20-9 2449.00 1840 2237 0.09477 0.87
23:48:58 3 tai20_20-9 2431.00 1840 2237 0.08672 0.86
23:48:59 4 tai20_20-9 2402.00 1840 2237 0.07376 0.85
23:48:59 5 tai20_20-9 2468.00 1840 2237 0.10326 0.85
23:49:00 1 tai20_20-10 2334.00 1900 2178 0.07163 0.88
23:49:01 2 tai20_20-10 2395.00 1900 2178 0.09963 0.86
23:49:02 3 tai20_20-10 2321.00 1900 2178 0.06566 0.88
23:49:03 4 tai20_20-10 2373.00 1900 2178 0.08953 0.86
23:49:04 5 tai20_20-10 2420.00 1900 2178 0.11111 0.86
