00:31:57 1 tai200_10-1 11309.00 10816 10868 0.04058 45.58
00:32:42 2 tai200_10-1 11173.00 10816 10868 0.02806 45.03
00:33:27 3 tai200_10-1 11215.00 10816 10868 0.03193 45.01
00:34:12 4 tai200_10-1 11253.00 10816 10868 0.03543 44.96
00:34:57 5 tai200_10-1 11363.00 10816 10868 0.04555 45.05
00:35:42 1 tai200_10-2 11215.00 10422 10494 0.06871 45.49
00:36:28 2 tai200_10-2 11151.00 10422 10494 0.06261 45.65
00:37:13 3 tai200_10-2 11256.00 10422 10494 0.07261 45.10
00:37:59 4 tai200_10-2 11134.00 10422 10494 0.06099 45.73
00:38:44 5 tai200_10-2 11121.00 10422 10494 0.05975 45.23
00:39:29 1 tai200_10-3 11440.00 10886 10922 0.04743 44.66
00:40:14 2 tai200_10-3 11566.00 10886 10922 0.05896 45.58
00:41:00 3 tai200_10-3 11464.00 10886 10922 0.04962 45.31
00:41:45 4 tai200_10-3 11470.00 10886 10922 0.05017 45.03
00:42:30 5 tai200_10-3 11414.00 10886 10922 0.04505 45.21
00:43:15 1 tai200_10-4 11165.00 10794 10889 0.02535 45.43
00:44:00 2 tai200_10-4 11232.00 10794 10889 0.03150 44.93
00:44:46 3 tai200_10-4 11187.00 10794 10889 0.02737 45.61
00:45:31 4 tai200_10-4 11156.00 10794 10889 0.02452 45.43
00:46:17 5 tai200_10-4 11195.00 10794 10889 0.02810 45.54
00:47:05 1 tai200_10-5 11032.00 10437 10524 0.04827 47.76
00:47:50 2 tai200_10-5 11196.00 10437 10524 0.06385 45.96
00:48:37 3 tai200_10-5 11122.00 10437 10524 0.05682 46.15
00:49:22 4 tai200_10-5 11184.00 10437 10524 0.06271 45.19
00:50:06 5 tai200_10-5 11108.00 10437 10524 0.05549 44.68
00:50:51 1 tai200_10-6 10826.00 10255 10331 0.04791 44.89
00:51:37 2 tai200_10-6 10971.00 10255 10331 0.06195 45.18
00:52:22 3 tai200_10-6 10858.00 10255 10331 0.05101 44.96
00:53:06 4 tai200_10-6 10985.00 10255 10331 0.06330 44.68
00:53:51 5 tai200_10-6 10949.00 10255 10331 0.05982 45.16
00:54:36 1 tai200_10-7 11464.00 10761 10857 0.05591 44.48
00:55:21 2 tai200_10-7 11392.00 10761 10857 0.04928 44.77
00:56:06 3 tai200_10-7 11407.00 10761 10857 0.05066 44.95
00:56:50 4 tai200_10-7 11345.00 10761 10857 0.04495 44.55
00:57:34 5 tai200_10-7 11580.00 10761 10857 0.06659 44.38
00:58:19 1 tai200_10-8 11209.00 10663 10731 0.04454 44.91
00:59:04 2 tai200_10-8 11173.00 10663 10731 0.04119 44.73
00:59:48 3 tai200_10-8 11337.00 10663 10731 0.05647 43.92
01:00:33 4 tai200_10-8 11236.00 10663 10731 0.04706 44.82
01:01:18 5 tai200_10-8 11256.00 10663 10731 0.04892 44.72
01:02:02 1 tai200_10-9 10985.00 10348 10438 0.05240 44.65
01:02:48 2 tai200_10-9 10992.00 10348 10438 0.05308 45.27
01:03:32 3 tai200_10-9 10948.00 10348 10438 0.04886 44.71
01:04:17 4 tai200_10-9 10885.00 10348 10438 0.04282 44.72
01:05:02 5 tai200_10-9 10894.00 10348 10438 0.04369 44.82
01:05:47 1 tai200_10-10 11331.00 10616 10676 0.06135 45.00
01:06:34 2 tai200_10-10 11171.00 10616 10676 0.04637 47.30
01:07:20 3 tai200_10-10 11144.00 10616 10676 0.04384 46.18
01:08:08 4 tai200_10-10 11171.00 10616 10676 0.04637 47.75
01:08:58 5 tai200_10-10 11121.00 10616 10676 0.04168 50.03
