23:49:08 1 tai50_5-1 2782.00 2712 2724 0.02129 3.71
23:49:11 2 tai50_5-1 2754.00 2712 2724 0.01101 3.63
23:49:15 3 tai50_5-1 2761.00 2712 2724 0.01358 3.62
23:49:19 4 tai50_5-1 2742.00 2712 2724 0.00661 3.61
23:49:22 5 tai50_5-1 2763.00 2712 2724 0.01432 3.57
23:49:26 1 tai50_5-2 2934.00 2808 2834 0.03529 3.66
23:49:29 2 tai50_5-2 3004.00 2808 2834 0.05999 3.64
23:49:33 3 tai50_5-2 2948.00 2808 2834 0.04023 3.63
23:49:37 4 tai50_5-2 2968.00 2808 2834 0.04728 3.75
23:49:40 5 tai50_5-2 2954.00 2808 2834 0.04234 3.60
23:49:44 1 tai50_5-3 2723.00 2596 2621 0.03892 3.59
23:49:48 2 tai50_5-3 2723.00 2596 2621 0.03892 3.64
23:49:51 3 tai50_5-3 2683.00 2596 2621 0.02366 3.62
23:49:55 4 tai50_5-3 2717.00 2596 2621 0.03663 4.01
23:49:59 5 tai50_5-3 2699.00 2596 2621 0.02976 3.81
23:50:03 1 tai50_5-4 2907.00 2740 2751 0.05671 3.72
23:50:07 2 tai50_5-4 2903.00 2740 2751 0.05525 4.09
23:50:11 3 tai50_5-4 2931.00 2740 2751 0.06543 3.87
23:50:14 4 tai50_5-4 2907.00 2740 2751 0.05671 3.64
23:50:18 5 tai50_5-4 2907.00 2740 2751 0.05671 3.64
23:50:22 1 tai50_5-5 2928.00 2837 2863 0.02270 3.73
23:50:25 2 tai50_5-5 2921.00 2837 2863 0.02026 3.68
23:50:29 3 tai50_5-5 2938.00 2837 2863 0.02620 3.68
23:50:33 4 tai50_5-5 2934.00 2837 2863 0.02480 3.70
23:50:36 5 tai50_5-5 2938.00 2837 2863 0.02620 3.65
23:50:40 1 tai50_5-6 2948.00 2793 2829 0.04206 3.82
23:50:44 2 tai50_5-6 2911.00 2793 2829 0.02899 3.57
23:50:47 3 tai50_5-6 2933.00 2793 2829 0.03676 3.58
23:50:51 4 tai50_5-6 2948.00 2793 2829 0.04206 3.64
23:50:55 5 tai50_5-6 2948.00 2793 2829 0.04206 3.61
23:50:58 1 tai50_5-7 2899.00 2689 2725 0.06385 3.66
23:51:02 2 tai50_5-7 2795.00 2689 2725 0.02569 3.61
23:51:06 3 tai50_5-7 2844.00 2689 2725 0.04367 3.73
23:51:09 4 tai50_5-7 2839.00 2689 2725 0.04183 3.63
23:51:13 5 tai50_5-7 2895.00 2689 2725 0.06239 3.63
23:51:17 1 tai50_5-8 2788.00 2667 2683 0.03914 3.61
23:51:20 2 tai50_5-8 2781.00 2667 2683 0.03653 3.60
23:51:24 3 tai50_5-8 2786.00 2667 2683 0.03839 3.59
23:51:27 4 tai50_5-8 2804.00 2667 2683 0.04510 3.57
23:51:31 5 tai50_5-8 2794.00 2667 2683 0.04137 3.58
23:51:35 1 tai50_5-9 2694.00 2527 2552 0.05564 3.65
23:51:38 2 tai50_5-9 2753.00 2527 2552 0.07876 3.78
23:51:42 3 tai50_5-9 2690.00 2527 2552 0.05408 3.62
23:51:46 4 tai50_5-9 2718.00 2527 2552 0.06505 3.66
23:51:49 5 tai50_5-9 2754.00 2527 2552 0.07915 3.61
23:51:53 1 tai50_5-10 2862.00 2776 2782 0.02876 3.61
23:51:56 2 tai50_5-10 2867.00 2776 2782 0.03055 3.63
23:52:00 3 tai50_5-10 2866.00 2776 2782 0.03019 3.65
23:52:04 4 tai50_5-10 2885.00 2776 2782 0.03702 3.62
23:52:07 5 tai50_5-10 2880.00 2776 2782 0.03523 3.61
