20:23:51 1 tai100_10-1 0.0757 28.31
20:24:19 2 tai100_10-1 0.0696 28.30
20:24:48 3 tai100_10-1 0.0743 28.67
20:25:16 4 tai100_10-1 0.0759 28.16
20:25:44 5 tai100_10-1 0.0738 28.20
20:26:12 1 tai100_10-2 0.0775 28.39
20:26:41 2 tai100_10-2 0.0786 28.44
20:27:09 3 tai100_10-2 0.0862 28.56
20:27:38 4 tai100_10-2 0.0795 28.23
20:28:06 5 tai100_10-2 0.0812 28.33
20:28:34 1 tai100_10-3 0.0686 28.07
20:29:03 2 tai100_10-3 0.0667 28.50
20:29:31 3 tai100_10-3 0.0736 28.22
20:30:00 4 tai100_10-3 0.0699 28.71
20:30:28 5 tai100_10-3 0.0694 28.26
20:30:56 1 tai100_10-4 0.0869 28.39
20:31:25 2 tai100_10-4 0.0916 28.36
20:31:53 3 tai100_10-4 0.0904 28.51
20:32:21 4 tai100_10-4 0.0881 27.96
20:32:49 5 tai100_10-4 0.0928 27.97
20:33:17 1 tai100_10-5 0.0840 28.16
20:33:45 2 tai100_10-5 0.0856 28.06
20:34:13 3 tai100_10-5 0.0882 28.02
20:34:41 4 tai100_10-5 0.0930 27.83
20:35:09 5 tai100_10-5 0.0847 27.96
20:35:37 1 tai100_10-6 0.0776 27.77
20:36:05 2 tai100_10-6 0.0766 28.56
20:36:34 3 tai100_10-6 0.0827 28.28
20:37:02 4 tai100_10-6 0.0751 28.37
20:37:30 5 tai100_10-6 0.0778 27.69
20:37:58 1 tai100_10-7 0.0697 28.15
20:38:26 2 tai100_10-7 0.0692 27.70
20:38:53 3 tai100_10-7 0.0708 27.72
20:39:21 4 tai100_10-7 0.0598 28.18
20:39:49 5 tai100_10-7 0.0672 27.77
20:40:18 1 tai100_10-8 0.0812 28.53
20:40:46 2 tai100_10-8 0.0839 28.39
20:41:14 3 tai100_10-8 0.0853 27.98
20:41:42 4 tai100_10-8 0.0911 27.70
20:42:10 5 tai100_10-8 0.0914 27.86
20:42:38 1 tai100_10-9 0.0763 28.11
20:43:06 2 tai100_10-9 0.0763 27.99
20:43:33 3 tai100_10-9 0.0737 27.64
20:44:01 4 tai100_10-9 0.0789 27.83
20:44:29 5 tai100_10-9 0.0801 27.72
20:44:57 1 tai100_10-10 0.0559 28.16
20:45:25 2 tai100_10-10 0.0631 28.10
20:45:53 3 tai100_10-10 0.0549 27.93
20:46:21 4 tai100_10-10 0.0616 28.02
20:46:49 5 tai100_10-10 0.0609 28.11
