20:47:19 1 tai100_20-1 0.2006 29.67
20:47:49 2 tai100_20-1 0.2104 29.93
20:48:20 3 tai100_20-1 0.2080 30.59
20:48:49 4 tai100_20-1 0.1955 29.50
20:49:19 5 tai100_20-1 0.1935 29.67
20:49:48 1 tai100_20-2 0.1500 29.13
20:50:17 2 tai100_20-2 0.1548 29.19
20:50:46 3 tai100_20-2 0.1549 29.02
20:51:16 4 tai100_20-2 0.1551 29.13
20:51:45 5 tai100_20-2 0.1554 29.76
20:52:15 1 tai100_20-3 0.1681 29.59
20:52:44 2 tai100_20-3 0.1584 29.23
20:53:14 3 tai100_20-3 0.1618 29.54
20:53:43 4 tai100_20-3 0.1671 29.52
20:54:12 5 tai100_20-3 0.1649 29.17
20:54:42 1 tai100_20-4 0.1596 29.41
20:55:11 2 tai100_20-4 0.1625 29.27
20:55:40 3 tai100_20-4 0.1579 29.40
20:56:10 4 tai100_20-4 0.1612 29.69
20:56:40 5 tai100_20-4 0.1551 29.37
20:57:09 1 tai100_20-5 0.1832 29.54
20:57:38 2 tai100_20-5 0.1902 29.29
20:58:08 3 tai100_20-5 0.1727 29.16
20:58:37 4 tai100_20-5 0.1914 29.60
20:59:07 5 tai100_20-5 0.1846 29.79
20:59:36 1 tai100_20-6 0.1724 29.29
21:00:05 2 tai100_20-6 0.1650 29.15
21:00:35 3 tai100_20-6 0.1815 29.57
21:01:04 4 tai100_20-6 0.1663 29.02
21:01:33 5 tai100_20-6 0.1790 29.16
21:02:02 1 tai100_20-7 0.2005 29.15
21:02:31 2 tai100_20-7 0.2108 29.21
21:03:01 3 tai100_20-7 0.2055 29.65
21:03:32 4 tai100_20-7 0.1993 31.19
21:04:01 5 tai100_20-7 0.2053 28.94
21:04:30 1 tai100_20-8 0.1941 29.25
21:05:00 2 tai100_20-8 0.1967 29.59
21:05:29 3 tai100_20-8 0.1935 29.05
21:05:58 4 tai100_20-8 0.1964 28.98
21:06:28 5 tai100_20-8 0.1959 29.42
21:06:57 1 tai100_20-9 0.1845 29.25
21:07:27 2 tai100_20-9 0.1821 29.79
21:07:56 3 tai100_20-9 0.1878 29.07
21:08:25 4 tai100_20-9 0.1908 29.53
21:08:55 5 tai100_20-9 0.1907 29.49
21:09:24 1 tai100_20-10 0.1327 29.67
21:09:54 2 tai100_20-10 0.1339 29.29
21:10:23 3 tai100_20-10 0.1345 28.96
21:10:51 4 tai100_20-10 0.1286 28.79
21:11:20 5 tai100_20-10 0.1318 28.94
