19:36:50 1 tai20_10-1 0.1768 1.74
19:36:52 2 tai20_10-1 0.1782 1.67
19:36:54 3 tai20_10-1 0.1727 1.66
19:36:55 4 tai20_10-1 0.1706 1.68
19:36:57 5 tai20_10-1 0.1568 1.66
19:36:59 1 tai20_10-2 0.2022 1.66
19:37:00 2 tai20_10-2 0.2042 1.67
19:37:02 3 tai20_10-2 0.2076 1.82
19:37:04 4 tai20_10-2 0.2123 1.68
19:37:06 5 tai20_10-2 0.2028 1.68
19:37:07 1 tai20_10-3 0.1521 1.69
19:37:09 2 tai20_10-3 0.1429 1.69
19:37:11 3 tai20_10-3 0.1322 1.72
19:37:12 4 tai20_10-3 0.1585 1.72
19:37:14 5 tai20_10-3 0.1450 1.73
19:37:16 1 tai20_10-4 0.1399 1.71
19:37:18 2 tai20_10-4 0.1521 1.67
19:37:19 3 tai20_10-4 0.1476 1.66
19:37:21 4 tai20_10-4 0.1223 1.66
19:37:23 5 tai20_10-4 0.1292 1.75
19:37:24 1 tai20_10-5 0.1804 1.81
19:37:26 2 tai20_10-5 0.1834 1.63
19:37:28 3 tai20_10-5 0.1525 1.63
19:37:29 4 tai20_10-5 0.1796 1.64
19:37:31 5 tai20_10-5 0.1570 1.63
19:37:33 1 tai20_10-6 0.1364 1.70
19:37:34 2 tai20_10-6 0.1357 1.66
19:37:36 3 tai20_10-6 0.1341 1.68
19:37:38 4 tai20_10-6 0.1372 1.65
19:37:39 5 tai20_10-6 0.1411 1.71
19:37:41 1 tai20_10-7 0.1383 1.72
19:37:43 2 tai20_10-7 0.1340 1.71
19:37:44 3 tai20_10-7 0.1398 1.67
19:37:46 4 tai20_10-7 0.1441 1.67
19:37:48 5 tai20_10-7 0.1405 1.65
19:37:49 1 tai20_10-8 0.2172 1.67
19:37:51 2 tai20_10-8 0.2084 1.68
19:37:53 3 tai20_10-8 0.2128 1.67
19:37:54 4 tai20_10-8 0.2216 1.65
19:37:56 5 tai20_10-8 0.2186 1.68
19:37:58 1 tai20_10-9 0.1332 1.65
19:37:59 2 tai20_10-9 0.1413 1.65
19:38:01 3 tai20_10-9 0.1332 1.66
19:38:03 4 tai20_10-9 0.1345 1.65
19:38:04 5 tai20_10-9 0.1372 1.65
19:38:06 1 tai20_10-10 0.2353 1.64
19:38:08 2 tai20_10-10 0.2426 1.65
19:38:09 3 tai20_10-10 0.2434 1.64
19:38:11 4 tai20_10-10 0.2441 1.65
19:38:13 5 tai20_10-10 0.2345 1.65
