19:38:18 1 tai20_20-1 0.2732 1.87
19:38:20 2 tai20_20-1 0.2690 1.79
19:38:22 3 tai20_20-1 0.2601 1.78
19:38:24 4 tai20_20-1 0.2784 1.78
19:38:26 5 tai20_20-1 0.2637 1.78
19:38:27 1 tai20_20-2 0.2916 1.78
19:38:29 2 tai20_20-2 0.2846 1.77
19:38:31 3 tai20_20-2 0.2876 1.78
19:38:33 4 tai20_20-2 0.2852 1.77
19:38:34 5 tai20_20-2 0.2916 1.81
19:38:36 1 tai20_20-3 0.3368 1.81
19:38:38 2 tai20_20-3 0.3384 1.78
19:38:40 3 tai20_20-3 0.3183 1.78
19:38:42 4 tai20_20-3 0.3406 1.78
19:38:43 5 tai20_20-3 0.3411 1.89
19:38:45 1 tai20_20-4 0.2961 1.79
19:38:47 2 tai20_20-4 0.2950 1.80
19:38:49 3 tai20_20-4 0.2950 1.76
19:38:51 4 tai20_20-4 0.3061 1.77
19:38:52 5 tai20_20-4 0.2890 1.76
19:38:54 1 tai20_20-5 0.2686 1.79
19:38:56 2 tai20_20-5 0.2833 1.79
19:38:58 3 tai20_20-5 0.2770 1.80
19:39:00 4 tai20_20-5 0.2801 1.86
19:39:01 5 tai20_20-5 0.2859 1.80
19:39:03 1 tai20_20-6 0.2587 1.78
19:39:05 2 tai20_20-6 0.2560 1.79
19:39:07 3 tai20_20-6 0.2651 1.78
19:39:09 4 tai20_20-6 0.2571 1.79
19:39:10 5 tai20_20-6 0.2597 1.79
19:39:12 1 tai20_20-7 0.2699 1.80
19:39:14 2 tai20_20-7 0.2741 1.81
19:39:16 3 tai20_20-7 0.2667 1.80
19:39:18 4 tai20_20-7 0.2709 1.80
19:39:19 5 tai20_20-7 0.2699 1.80
19:39:21 1 tai20_20-8 0.2415 1.83
19:39:23 2 tai20_20-8 0.2383 2.04
19:39:25 3 tai20_20-8 0.2378 1.93
19:39:27 4 tai20_20-8 0.2324 1.80
19:39:29 5 tai20_20-8 0.2271 1.81
19:39:31 1 tai20_20-9 0.2957 1.82
19:39:33 2 tai20_20-9 0.2902 2.03
19:39:34 3 tai20_20-9 0.2924 1.86
19:39:36 4 tai20_20-9 0.2951 1.76
19:39:38 5 tai20_20-9 0.3092 1.76
19:39:40 1 tai20_20-10 0.2368 1.76
19:39:41 2 tai20_20-10 0.2216 1.77
19:39:43 3 tai20_20-10 0.2189 1.78
19:39:45 4 tai20_20-10 0.2337 1.77
19:39:47 5 tai20_20-10 0.2305 1.77
