19:39:56 1 tai50_5-1 0.0151 7.98
19:40:04 2 tai50_5-1 0.0147 7.90
19:40:12 3 tai50_5-1 0.0088 7.86
19:40:20 4 tai50_5-1 0.0147 8.04
19:40:28 5 tai50_5-1 0.0129 7.80
19:40:35 1 tai50_5-2 0.0388 7.92
19:40:43 2 tai50_5-2 0.0335 7.83
19:40:51 3 tai50_5-2 0.0313 8.05
19:40:59 4 tai50_5-2 0.0299 7.79
19:41:07 5 tai50_5-2 0.0417 7.87
19:41:15 1 tai50_5-3 0.0335 7.96
19:41:23 2 tai50_5-3 0.0270 7.62
19:41:30 3 tai50_5-3 0.0366 7.71
19:41:38 4 tai50_5-3 0.0289 7.88
19:41:46 5 tai50_5-3 0.0370 7.91
19:41:54 1 tai50_5-4 0.0434 7.77
19:42:02 2 tai50_5-4 0.0376 7.77
19:42:09 3 tai50_5-4 0.0394 7.85
19:42:17 4 tai50_5-4 0.0394 7.80
19:42:25 5 tai50_5-4 0.0394 7.83
19:42:33 1 tai50_5-5 0.0215 7.64
19:42:40 2 tai50_5-5 0.0247 7.65
19:42:48 3 tai50_5-5 0.0176 7.64
19:42:56 4 tai50_5-5 0.0261 7.67
19:43:03 5 tai50_5-5 0.0271 7.68
19:43:12 1 tai50_5-6 0.0354 8.30
19:43:20 2 tai50_5-6 0.0322 7.82
19:43:27 3 tai50_5-6 0.0351 7.62
19:43:35 4 tai50_5-6 0.0308 7.64
19:43:42 5 tai50_5-6 0.0315 7.72
19:43:50 1 tai50_5-7 0.0550 7.65
19:43:58 2 tai50_5-7 0.0480 7.90
19:44:06 3 tai50_5-7 0.0502 7.65
19:44:13 4 tai50_5-7 0.0565 7.68
19:44:21 5 tai50_5-7 0.0495 7.84
19:44:29 1 tai50_5-8 0.0442 7.62
19:44:37 2 tai50_5-8 0.0394 7.87
19:44:44 3 tai50_5-8 0.0435 7.63
19:44:52 4 tai50_5-8 0.0397 7.70
19:45:00 5 tai50_5-8 0.0427 7.64
19:45:07 1 tai50_5-9 0.0598 7.80
19:45:15 2 tai50_5-9 0.0534 7.65
19:45:23 3 tai50_5-9 0.0483 7.87
19:45:31 4 tai50_5-9 0.0653 8.20
19:45:40 5 tai50_5-9 0.0590 8.85
19:45:48 1 tai50_5-10 0.0187 7.57
19:45:55 2 tai50_5-10 0.0137 7.73
19:46:03 3 tai50_5-10 0.0140 7.81
19:46:11 4 tai50_5-10 0.0065 7.97
19:46:19 5 tai50_5-10 0.0140 7.67
