00:42:24 1 tai500_20-1 0.1100 661.01
00:53:29 2 tai500_20-1 0.1073 665.30
01:04:27 3 tai500_20-1 0.1073 657.92
01:15:27 4 tai500_20-1 0.1071 660.31
01:26:27 5 tai500_20-1 0.1084 659.71
01:37:26 1 tai500_20-2 0.1073 659.15
01:48:26 2 tai500_20-2 0.1078 659.47
01:59:23 3 tai500_20-2 0.1059 657.50
02:10:31 4 tai500_20-2 0.1064 668.23
02:21:31 5 tai500_20-2 0.1074 659.26
02:32:27 1 tai500_20-3 0.0982 656.70
02:43:33 2 tai500_20-3 0.0979 666.22
02:54:29 3 tai500_20-3 0.0961 655.79
03:05:26 4 tai500_20-3 0.0973 656.33
03:16:25 5 tai500_20-3 0.0970 659.16
03:27:23 1 tai500_20-4 0.0923 658.49
03:38:23 2 tai500_20-4 0.0969 659.80
03:49:21 3 tai500_20-4 0.0959 658.05
04:00:17 4 tai500_20-4 0.0958 655.72
04:11:14 5 tai500_20-4 0.0961 656.84
04:22:12 1 tai500_20-5 0.1002 657.91
04:33:07 2 tai500_20-5 0.1036 655.61
04:44:02 3 tai500_20-5 0.1029 655.14
04:55:00 4 tai500_20-5 0.0979 657.96
05:05:56 5 tai500_20-5 0.1015 655.31
05:16:50 1 tai500_20-6 0.0936 654.70
05:27:48 2 tai500_20-6 0.0981 657.68
05:38:47 3 tai500_20-6 0.0919 658.67
05:49:43 4 tai500_20-6 0.0944 656.06
06:00:40 5 tai500_20-6 0.0973 657.79
06:11:36 1 tai500_20-7 0.0888 656.03
06:22:31 2 tai500_20-7 0.0901 654.96
06:33:30 3 tai500_20-7 0.0921 658.73
06:44:25 4 tai500_20-7 0.0893 655.19
06:55:24 5 tai500_20-7 0.0848 658.80
07:06:25 1 tai500_20-8 0.0960 660.68
07:17:26 2 tai500_20-8 0.1019 660.90
07:28:26 3 tai500_20-8 0.0984 660.21
07:39:30 4 tai500_20-8 0.1001 663.70
07:50:31 5 tai500_20-8 0.0977 661.36
08:01:32 1 tai500_20-9 0.1001 661.30
08:12:36 2 tai500_20-9 0.0995 663.95
08:23:38 3 tai500_20-9 0.1020 662.08
08:34:42 4 tai500_20-9 0.1003 663.48
08:45:45 5 tai500_20-9 0.1006 663.58
08:56:47 1 tai500_20-10 0.0958 661.74
09:07:49 2 tai500_20-10 0.0960 661.68
09:19:41 3 tai500_20-10 0.0954 712.57
09:30:49 4 tai500_20-10 0.0926 667.77
09:41:55 5 tai500_20-10 0.0936 666.25