
C:\project\github\master-degree\heuristic and meta-heuristic search\project>java -jar -server -Dcom.sun.xml.internal.ws.transport.http.client.HttpTransportPipe.dump=false -Dfile.encoding=UTF-8 -Xms256m -Xmx1024m -XX:MaxPermSize=512M -XX:-HeapDumpOnOutOfMemoryError -Dsun.rmi.dgc.client.gcInterval=1800000 -Dsun.rmi.dgc.server.gcInterval=1800000 -XX:+UseParNewGC -XX:+UseConcMarkSweepGC -XX:+DisableExplicitGC target/project-1.0-SNAPSHOT.jar 50 20 
20:20:51 1 tai50_20-1 24.28 87.16
20:22:19 2 tai50_20-1 23.65 87.34
20:23:46 3 tai50_20-1 23.59 87.33
20:25:13 4 tai50_20-1 24.40 86.94
20:26:40 5 tai50_20-1 24.17 86.88
20:28:07 1 tai50_20-2 21.85 87.24
20:29:33 2 tai50_20-2 22.14 85.91
20:30:59 3 tai50_20-2 20.44 85.67
20:32:25 4 tai50_20-2 21.99 86.12
20:33:52 5 tai50_20-2 22.72 86.83
20:35:19 1 tai50_20-3 22.29 87.63
20:36:46 2 tai50_20-3 21.61 86.19
20:38:12 3 tai50_20-3 21.28 86.52
20:39:39 4 tai50_20-3 20.47 86.80
20:41:05 5 tai50_20-3 22.08 86.52
20:42:32 1 tai50_20-4 26.11 86.52
20:43:58 2 tai50_20-4 25.03 86.54
20:45:25 3 tai50_20-4 25.78 86.52
20:46:52 4 tai50_20-4 25.63 86.63
20:48:17 5 tai50_20-4 25.45 85.47
20:49:45 1 tai50_20-5 23.18 87.48
20:51:13 2 tai50_20-5 23.72 88.33
20:52:39 3 tai50_20-5 23.57 86.49
20:54:12 4 tai50_20-5 24.27 92.82
20:55:40 5 tai50_20-5 24.12 87.75
20:57:07 1 tai50_20-6 18.64 87.02
20:58:34 2 tai50_20-6 18.87 86.85
21:00:01 3 tai50_20-6 18.21 87.23
21:01:27 4 tai50_20-6 18.67 86.01
21:02:54 5 tai50_20-6 18.67 86.56
21:04:21 1 tai50_20-7 23.08 87.36
21:05:48 2 tai50_20-7 22.85 87.09
21:07:15 3 tai50_20-7 22.44 86.92
21:08:41 4 tai50_20-7 23.29 86.02
21:10:07 5 tai50_20-7 22.67 85.92
21:11:34 1 tai50_20-8 22.55 86.81
21:13:00 2 tai50_20-8 23.15 86.40
21:14:27 3 tai50_20-8 21.37 86.47
21:15:52 4 tai50_20-8 22.44 85.72
21:17:18 5 tai50_20-8 22.41 85.71
21:18:44 1 tai50_20-9 21.03 85.81
21:20:10 2 tai50_20-9 22.68 85.76
21:21:36 3 tai50_20-9 22.77 86.58
21:23:02 4 tai50_20-9 22.48 85.33
21:24:27 5 tai50_20-9 21.20 85.35
21:25:52 1 tai50_20-10 23.41 85.23
21:27:18 2 tai50_20-10 23.50 86.25
21:28:44 3 tai50_20-10 22.77 85.57
21:30:10 4 tai50_20-10 22.80 85.69
21:31:34 5 tai50_20-10 23.56 84.58
