
C:\project\github\master-degree\heuristic and meta-heuristic search\project>java -jar -server -Dcom.sun.xml.internal.ws.transport.http.client.HttpTransportPipe.dump=false -Dfile.encoding=UTF-8 -Xms256m -Xmx1024m -XX:MaxPermSize=512M -XX:-HeapDumpOnOutOfMemoryError -Dsun.rmi.dgc.client.gcInterval=1800000 -Dsun.rmi.dgc.server.gcInterval=1800000 -XX:+UseParNewGC -XX:+UseConcMarkSweepGC -XX:+DisableExplicitGC target/project-1.0-SNAPSHOT.jar 50 5 
17:53:41 1 tai50_5-1 1.59 88.57
17:55:10 2 tai50_5-1 1.03 89.27
17:56:41 3 tai50_5-1 1.25 90.81
17:58:09 4 tai50_5-1 1.11 88.42
17:59:41 5 tai50_5-1 1.47 91.74
18:01:11 1 tai50_5-2 4.10 90.33
18:02:47 2 tai50_5-2 3.63 95.34
18:04:27 3 tai50_5-2 3.35 99.75
18:05:58 4 tai50_5-2 3.13 91.35
18:07:25 5 tai50_5-2 4.27 87.56
18:08:58 1 tai50_5-3 3.27 92.58
18:10:32 2 tai50_5-3 3.12 94.00
18:12:08 3 tai50_5-3 2.93 96.19
18:13:39 4 tai50_5-3 3.62 90.77
18:15:08 5 tai50_5-3 3.47 88.84
18:16:37 1 tai50_5-4 3.94 89.64
18:18:07 2 tai50_5-4 4.38 89.06
18:19:36 3 tai50_5-4 4.09 89.28
18:21:04 4 tai50_5-4 4.60 87.86
18:22:33 5 tai50_5-4 4.05 89.05
18:24:06 1 tai50_5-5 2.47 93.68
18:25:38 2 tai50_5-5 2.68 91.63
18:27:08 3 tai50_5-5 2.43 90.16
18:28:36 4 tai50_5-5 2.47 87.95
18:30:04 5 tai50_5-5 2.68 87.56
18:31:31 1 tai50_5-6 3.37 87.47
18:33:00 2 tai50_5-6 3.08 88.42
18:34:30 3 tai50_5-6 3.15 90.11
18:36:02 4 tai50_5-6 3.37 91.99
18:37:34 5 tai50_5-6 3.08 91.85
18:39:09 1 tai50_5-7 5.28 95.46
18:40:37 2 tai50_5-7 5.39 88.04
18:42:08 3 tai50_5-7 4.87 91.25
18:43:40 4 tai50_5-7 4.83 91.45
18:45:09 5 tai50_5-7 5.02 89.15
18:46:39 1 tai50_5-8 4.31 89.73
18:48:09 2 tai50_5-8 4.61 89.85
18:49:37 3 tai50_5-8 3.90 88.72
18:51:08 4 tai50_5-8 4.31 90.47
18:52:37 5 tai50_5-8 4.54 89.49
18:54:08 1 tai50_5-9 5.46 90.49
18:55:37 2 tai50_5-9 6.53 89.27
18:57:04 3 tai50_5-9 6.45 87.47
18:58:32 4 tai50_5-9 5.66 87.41
18:59:59 5 tai50_5-9 5.54 86.82
19:01:26 1 tai50_5-10 1.73 87.38
19:02:54 2 tai50_5-10 0.90 87.50
19:04:21 3 tai50_5-10 0.54 87.44
19:05:48 4 tai50_5-10 1.22 86.75
19:07:15 5 tai50_5-10 1.69 87.26
