20:00:38 1 tai100_5-1 0.0204 28.39
20:01:06 2 tai100_5-1 0.0219 28.24
20:01:34 3 tai100_5-1 0.0208 27.88
20:02:02 4 tai100_5-1 0.0151 28.01
20:02:30 5 tai100_5-1 0.0173 27.79
20:02:57 1 tai100_5-2 0.0257 27.67
20:03:25 2 tai100_5-2 0.0284 27.47
20:03:52 3 tai100_5-2 0.0300 27.56
20:04:20 4 tai100_5-2 0.0255 28.06
20:04:48 5 tai100_5-2 0.0298 27.85
20:05:16 1 tai100_5-3 0.0347 27.97
20:05:44 2 tai100_5-3 0.0294 27.97
20:06:12 3 tai100_5-3 0.0359 27.84
20:06:40 4 tai100_5-3 0.0351 28.03
20:07:08 5 tai100_5-3 0.0366 28.00
20:07:36 1 tai100_5-4 0.0206 28.02
20:08:04 2 tai100_5-4 0.0278 28.02
20:08:32 3 tai100_5-4 0.0254 27.93
20:09:01 4 tai100_5-4 0.0270 28.72
20:09:29 5 tai100_5-4 0.0286 27.84
20:09:56 1 tai100_5-5 0.0223 27.83
20:10:24 2 tai100_5-5 0.0279 27.42
20:10:52 3 tai100_5-5 0.0223 27.69
20:11:19 4 tai100_5-5 0.0314 27.81
20:11:47 5 tai100_5-5 0.0246 27.67
20:12:15 1 tai100_5-6 0.0275 27.60
20:12:42 2 tai100_5-6 0.0243 27.78
20:13:10 3 tai100_5-6 0.0300 28.01
20:13:38 4 tai100_5-6 0.0286 27.79
20:14:06 5 tai100_5-6 0.0269 28.13
20:14:34 1 tai100_5-7 0.0189 27.60
20:15:02 2 tai100_5-7 0.0204 27.84
20:15:30 3 tai100_5-7 0.0181 27.91
20:15:57 4 tai100_5-7 0.0214 27.74
20:16:25 5 tai100_5-7 0.0179 27.76
20:16:54 1 tai100_5-8 0.0351 28.60
20:17:21 2 tai100_5-8 0.0349 27.51
20:17:49 3 tai100_5-8 0.0329 27.92
20:18:17 4 tai100_5-8 0.0324 27.53
20:18:45 5 tai100_5-8 0.0377 27.81
20:19:12 1 tai100_5-9 0.0377 27.47
20:19:40 2 tai100_5-9 0.0323 27.66
20:20:08 3 tai100_5-9 0.0366 28.51
20:20:36 4 tai100_5-9 0.0384 27.58
20:21:03 5 tai100_5-9 0.0321 27.67
20:21:31 1 tai100_5-10 0.0281 27.58
20:21:59 2 tai100_5-10 0.0233 27.71
20:22:27 3 tai100_5-10 0.0343 27.79
20:22:54 4 tai100_5-10 0.0288 27.81
20:23:22 5 tai100_5-10 0.0343 27.62
