19:35:27 1 tai20_5-1 0.0771 1.69
19:35:29 2 tai20_5-1 0.0755 1.64
19:35:31 3 tai20_5-1 0.0755 1.65
19:35:32 4 tai20_5-1 0.0714 1.62
19:35:34 5 tai20_5-1 0.0690 1.65
19:35:36 1 tai20_5-2 0.0721 1.68
19:35:37 2 tai20_5-2 0.0721 1.71
19:35:39 3 tai20_5-2 0.0721 1.65
19:35:41 4 tai20_5-2 0.0721 1.85
19:35:42 5 tai20_5-2 0.0721 1.61
19:35:44 1 tai20_5-3 0.1044 1.62
19:35:46 2 tai20_5-3 0.0932 1.71
19:35:47 3 tai20_5-3 0.1007 1.75
19:35:49 4 tai20_5-3 0.1062 1.71
19:35:51 5 tai20_5-3 0.0960 1.92
19:35:53 1 tai20_5-4 0.0797 1.74
19:35:54 2 tai20_5-4 0.0733 1.66
19:35:56 3 tai20_5-4 0.0749 1.63
19:35:58 4 tai20_5-4 0.0655 1.61
19:35:59 5 tai20_5-4 0.0726 1.59
19:36:01 1 tai20_5-5 0.0659 1.58
19:36:02 2 tai20_5-5 0.0751 1.61
19:36:04 3 tai20_5-5 0.0659 1.62
19:36:06 4 tai20_5-5 0.0609 1.61
19:36:07 5 tai20_5-5 0.0651 1.62
19:36:09 1 tai20_5-6 0.0424 1.60
19:36:11 2 tai20_5-6 0.0407 1.58
19:36:12 3 tai20_5-6 0.0466 1.62
19:36:14 4 tai20_5-6 0.0500 1.68
19:36:15 5 tai20_5-6 0.0373 1.62
19:36:17 1 tai20_5-7 0.0285 1.61
19:36:19 2 tai20_5-7 0.0359 1.59
19:36:20 3 tai20_5-7 0.0522 1.59
19:36:22 4 tai20_5-7 0.0408 1.61
19:36:23 5 tai20_5-7 0.0302 1.61
19:36:25 1 tai20_5-8 0.1239 1.63
19:36:27 2 tai20_5-8 0.1043 1.61
19:36:28 3 tai20_5-8 0.1137 1.60
19:36:30 4 tai20_5-8 0.1137 1.63
19:36:31 5 tai20_5-8 0.1214 1.58
19:36:33 1 tai20_5-9 0.0763 1.59
19:36:35 2 tai20_5-9 0.0763 1.59
19:36:36 3 tai20_5-9 0.0862 1.62
19:36:38 4 tai20_5-9 0.0804 1.66
19:36:40 5 tai20_5-9 0.0763 1.78
19:36:41 1 tai20_5-10 0.0878 1.59
19:36:43 2 tai20_5-10 0.0933 1.60
19:36:45 3 tai20_5-10 0.0869 1.60
19:36:46 4 tai20_5-10 0.0850 1.61
19:36:48 5 tai20_5-10 0.0860 1.60
