21:13:06 1 tai200_10-1 0.0437 105.21
21:14:52 2 tai200_10-1 0.0484 106.16
21:16:38 3 tai200_10-1 0.0490 105.38
21:18:23 4 tai200_10-1 0.0489 105.86
21:20:09 5 tai200_10-1 0.0520 105.78
21:21:55 1 tai200_10-2 0.0802 106.02
21:23:41 2 tai200_10-2 0.0811 105.59
21:25:27 3 tai200_10-2 0.0800 105.77
21:27:12 4 tai200_10-2 0.0808 105.37
21:28:57 5 tai200_10-2 0.0762 105.41
21:30:43 1 tai200_10-3 0.0488 105.19
21:32:28 2 tai200_10-3 0.0559 105.28
21:34:13 3 tai200_10-3 0.0523 105.35
21:36:07 4 tai200_10-3 0.0478 113.41
21:38:06 5 tai200_10-3 0.0536 119.36
21:39:52 1 tai200_10-4 0.0372 106.25
21:41:38 2 tai200_10-4 0.0348 105.98
21:43:24 3 tai200_10-4 0.0405 105.43
21:45:09 4 tai200_10-4 0.0317 105.43
21:46:55 5 tai200_10-4 0.0368 105.48
21:48:40 1 tai200_10-5 0.0726 105.44
21:50:25 2 tai200_10-5 0.0715 105.49
21:52:11 3 tai200_10-5 0.0744 105.54
21:53:57 4 tai200_10-5 0.0623 105.68
21:55:42 5 tai200_10-5 0.0704 105.51
21:57:28 1 tai200_10-6 0.0679 106.06
21:59:15 2 tai200_10-6 0.0702 107.05
22:01:01 3 tai200_10-6 0.0723 105.69
22:02:48 4 tai200_10-6 0.0733 106.99
22:04:34 5 tai200_10-6 0.0731 105.77
22:06:20 1 tai200_10-7 0.0608 106.13
22:08:06 2 tai200_10-7 0.0643 105.92
22:09:51 3 tai200_10-7 0.0653 105.64
22:11:38 4 tai200_10-7 0.0627 106.47
22:13:24 5 tai200_10-7 0.0642 106.49
22:15:10 1 tai200_10-8 0.0588 105.89
22:16:56 2 tai200_10-8 0.0638 105.97
22:18:43 3 tai200_10-8 0.0604 106.70
22:20:29 4 tai200_10-8 0.0601 105.74
22:22:15 5 tai200_10-8 0.0636 106.01
22:24:01 1 tai200_10-9 0.0810 106.62
22:25:49 2 tai200_10-9 0.0771 108.16
22:27:37 3 tai200_10-9 0.0760 107.79
22:29:27 4 tai200_10-9 0.0723 109.90
22:31:18 5 tai200_10-9 0.0757 111.23
22:33:11 1 tai200_10-10 0.0633 112.52
22:35:07 2 tai200_10-10 0.0587 116.13
22:37:05 3 tai200_10-10 0.0687 117.65
22:38:59 4 tai200_10-10 0.0665 114.43
22:40:56 5 tai200_10-10 0.0636 116.90
