22:42:59 1 tai200_20-1 0.1441 122.58
22:45:00 2 tai200_20-1 0.1493 120.53
22:47:02 3 tai200_20-1 0.1499 122.20
22:49:01 4 tai200_20-1 0.1480 118.86
22:50:57 5 tai200_20-1 0.1466 116.46
22:52:54 1 tai200_20-2 0.1675 116.65
22:54:50 2 tai200_20-2 0.1624 116.48
22:56:52 3 tai200_20-2 0.1607 121.42
22:58:53 4 tai200_20-2 0.1641 120.75
23:00:50 5 tai200_20-2 0.1612 117.86
23:03:09 1 tai200_20-3 0.1410 138.78
23:05:30 2 tai200_20-3 0.1395 140.68
23:07:51 3 tai200_20-3 0.1386 141.36
23:09:49 4 tai200_20-3 0.1423 118.25
23:11:50 5 tai200_20-3 0.1407 120.22
23:13:48 1 tai200_20-4 0.1309 118.56
23:15:49 2 tai200_20-4 0.1337 121.13
23:17:46 3 tai200_20-4 0.1361 116.96
23:19:36 4 tai200_20-4 0.1366 109.43
23:21:29 5 tai200_20-4 0.1370 113.52
23:23:19 1 tai200_20-5 0.1343 110.23
23:25:12 2 tai200_20-5 0.1299 112.57
23:27:03 3 tai200_20-5 0.1307 111.19
23:28:57 4 tai200_20-5 0.1348 113.61
23:30:47 5 tai200_20-5 0.1284 109.87
23:32:37 1 tai200_20-6 0.1332 109.87
23:34:31 2 tai200_20-6 0.1299 114.01
23:36:21 3 tai200_20-6 0.1202 110.61
23:38:12 4 tai200_20-6 0.1296 111.25
23:40:01 5 tai200_20-6 0.1303 109.01
23:41:52 1 tai200_20-7 0.1445 110.44
23:43:44 2 tai200_20-7 0.1443 111.76
23:45:36 3 tai200_20-7 0.1433 112.61
23:47:30 4 tai200_20-7 0.1456 114.06
23:49:23 5 tai200_20-7 0.1469 112.33
23:51:12 1 tai200_20-8 0.1363 109.56
23:53:03 2 tai200_20-8 0.1298 111.21
23:54:54 3 tai200_20-8 0.1337 110.17
23:56:46 4 tai200_20-8 0.1349 112.15
23:58:41 5 tai200_20-8 0.1348 115.23
00:00:37 1 tai200_20-9 0.1581 115.74
00:02:37 2 tai200_20-9 0.1597 120.72
00:04:42 3 tai200_20-9 0.1550 124.75
00:06:35 4 tai200_20-9 0.1531 112.69
00:08:26 5 tai200_20-9 0.1514 110.87
00:10:21 1 tai200_20-10 0.1477 115.36
00:12:15 2 tai200_20-10 0.1506 114.09
00:14:11 3 tai200_20-10 0.1445 115.36
00:16:07 4 tai200_20-10 0.1474 116.72
00:18:02 5 tai200_20-10 0.1491 114.46
