19:46:27 1 tai50_10-1 0.1410 8.16
19:46:35 2 tai50_10-1 0.1249 7.98
19:46:43 3 tai50_10-1 0.1404 8.09
19:46:51 4 tai50_10-1 0.1390 7.96
19:46:59 5 tai50_10-1 0.1414 7.88
19:47:07 1 tai50_10-2 0.1347 7.96
19:47:15 2 tai50_10-2 0.1425 8.07
19:47:23 3 tai50_10-2 0.1343 8.13
19:47:31 4 tai50_10-2 0.1421 7.90
19:47:39 5 tai50_10-2 0.1382 8.11
19:47:47 1 tai50_10-3 0.1432 8.04
19:47:55 2 tai50_10-3 0.1514 7.88
19:48:03 3 tai50_10-3 0.1485 8.02
19:48:11 4 tai50_10-3 0.1503 8.17
19:48:19 5 tai50_10-3 0.1560 7.96
19:48:28 1 tai50_10-4 0.1183 8.33
19:48:36 2 tai50_10-4 0.1210 8.03
19:48:44 3 tai50_10-4 0.1206 7.96
19:48:52 4 tai50_10-4 0.1132 7.96
19:49:00 5 tai50_10-4 0.1152 7.93
19:49:08 1 tai50_10-5 0.1393 7.95
19:49:16 2 tai50_10-5 0.1379 7.94
19:49:24 3 tai50_10-5 0.1400 8.10
19:49:32 4 tai50_10-5 0.1345 7.96
19:49:40 5 tai50_10-5 0.1341 8.10
19:49:48 1 tai50_10-6 0.1112 7.99
19:49:56 2 tai50_10-6 0.0986 7.96
19:50:04 3 tai50_10-6 0.0979 7.98
19:50:12 4 tai50_10-6 0.1078 7.99
19:50:20 5 tai50_10-6 0.0976 8.01
19:50:28 1 tai50_10-7 0.0957 8.14
19:50:36 2 tai50_10-7 0.1029 8.05
19:50:44 3 tai50_10-7 0.0950 8.23
19:50:52 4 tai50_10-7 0.0967 7.95
19:51:02 5 tai50_10-7 0.0927 9.74
19:51:10 1 tai50_10-8 0.1136 7.94
19:51:18 2 tai50_10-8 0.1193 7.95
19:51:26 3 tai50_10-8 0.1240 8.03
19:51:33 4 tai50_10-8 0.1244 7.82
19:51:41 5 tai50_10-8 0.1227 7.80
19:51:49 1 tai50_10-9 0.1313 7.86
19:51:57 2 tai50_10-9 0.1381 7.80
19:52:05 3 tai50_10-9 0.1399 7.85
19:52:13 4 tai50_10-9 0.1320 7.83
19:52:21 5 tai50_10-9 0.1367 8.00
19:52:29 1 tai50_10-10 0.1018 8.02
19:52:36 2 tai50_10-10 0.0978 7.82
19:52:44 3 tai50_10-10 0.0942 7.77
19:52:52 4 tai50_10-10 0.1044 7.77
19:53:00 5 tai50_10-10 0.0995 8.22
