19:53:09 1 tai50_20-1 0.2448 8.31
19:53:17 2 tai50_20-1 0.2411 8.23
19:53:26 3 tai50_20-1 0.2307 8.51
19:53:34 4 tai50_20-1 0.2457 8.17
19:53:42 5 tai50_20-1 0.2359 8.17
19:53:50 1 tai50_20-2 0.2214 8.14
19:53:58 2 tai50_20-2 0.2176 8.22
19:54:07 3 tai50_20-2 0.2225 8.39
19:54:15 4 tai50_20-2 0.2278 8.26
19:54:23 5 tai50_20-2 0.2065 8.40
19:54:32 1 tai50_20-3 0.2223 8.49
19:54:40 2 tai50_20-3 0.2229 8.29
19:54:48 3 tai50_20-3 0.2122 8.16
19:54:57 4 tai50_20-3 0.2119 8.25
19:55:05 5 tai50_20-3 0.2155 8.13
19:55:13 1 tai50_20-4 0.2545 8.38
19:55:21 2 tai50_20-4 0.2608 8.16
19:55:30 3 tai50_20-4 0.2527 8.32
19:55:38 4 tai50_20-4 0.2533 8.19
19:55:46 5 tai50_20-4 0.2500 8.17
19:55:54 1 tai50_20-5 0.2372 8.14
19:56:02 2 tai50_20-5 0.2279 8.28
19:56:11 3 tai50_20-5 0.2415 8.36
19:56:19 4 tai50_20-5 0.2194 8.23
19:56:27 5 tai50_20-5 0.2487 8.39
19:56:36 1 tai50_20-6 0.1864 8.17
19:56:44 2 tai50_20-6 0.1991 8.39
19:56:52 3 tai50_20-6 0.1910 8.22
19:57:00 4 tai50_20-6 0.1905 8.15
19:57:08 5 tai50_20-6 0.1821 8.13
19:57:17 1 tai50_20-7 0.2232 8.18
19:57:25 2 tai50_20-7 0.2256 8.53
19:57:34 3 tai50_20-7 0.2296 8.34
19:57:42 4 tai50_20-7 0.2282 8.26
19:57:50 5 tai50_20-7 0.2174 8.18
19:57:58 1 tai50_20-8 0.2232 8.23
19:58:06 2 tai50_20-8 0.2202 8.17
19:58:15 3 tai50_20-8 0.2261 8.15
19:58:23 4 tai50_20-8 0.2152 8.15
19:58:31 5 tai50_20-8 0.2217 8.35
19:58:39 1 tai50_20-9 0.2222 8.17
19:58:47 2 tai50_20-9 0.2242 8.17
19:58:56 3 tai50_20-9 0.2193 8.21
19:59:04 4 tai50_20-9 0.2135 8.45
19:59:12 5 tai50_20-9 0.2239 8.29
19:59:21 1 tai50_20-10 0.2356 8.35
19:59:30 2 tai50_20-10 0.2318 9.60
19:59:40 3 tai50_20-10 0.2257 9.81
19:59:49 4 tai50_20-10 0.2362 9.44
19:59:59 5 tai50_20-10 0.2347 9.57
