00:20:10 1 tai100_20-1 6984.00 5851 6286 0.11104 13.49
00:20:24 2 tai100_20-1 6977.00 5851 6286 0.10993 13.30
00:20:37 3 tai100_20-1 6952.00 5851 6286 0.10595 13.28
00:20:50 4 tai100_20-1 6939.00 5851 6286 0.10388 13.51
00:21:04 5 tai100_20-1 6986.00 5851 6286 0.11136 13.10
00:21:17 1 tai100_20-2 7005.00 6099 6241 0.12242 13.38
00:21:30 2 tai100_20-2 7046.00 6099 6241 0.12899 13.36
00:21:44 3 tai100_20-2 6986.00 6099 6241 0.11937 13.49
00:21:57 4 tai100_20-2 6963.00 6099 6241 0.11569 13.11
00:22:10 5 tai100_20-2 7046.00 6099 6241 0.12899 13.11
00:22:23 1 tai100_20-3 7172.00 6099 6329 0.13320 13.33
00:22:36 2 tai100_20-3 7149.00 6099 6329 0.12956 13.22
00:22:50 3 tai100_20-3 7061.00 6099 6329 0.11566 13.12
00:23:02 4 tai100_20-3 7000.00 6099 6329 0.10602 12.82
00:23:15 5 tai100_20-3 6968.00 6099 6329 0.10096 12.96
00:23:29 1 tai100_20-4 6952.00 6072 6306 0.10244 13.15
00:23:42 2 tai100_20-4 6959.00 6072 6306 0.10355 12.95
00:23:55 3 tai100_20-4 7025.00 6072 6306 0.11402 13.26
00:24:08 4 tai100_20-4 6927.00 6072 6306 0.09848 13.00
00:24:21 5 tai100_20-4 7074.00 6072 6306 0.12179 12.98
00:24:34 1 tai100_20-5 7041.00 6009 6377 0.10412 13.15
00:24:47 2 tai100_20-5 7008.00 6009 6377 0.09895 12.99
00:25:00 3 tai100_20-5 7028.00 6009 6377 0.10209 12.80
00:25:13 4 tai100_20-5 7131.00 6009 6377 0.11824 12.95
00:25:26 5 tai100_20-5 7168.00 6009 6377 0.12404 13.02
00:25:39 1 tai100_20-6 7160.00 6144 6437 0.11232 13.26
00:25:52 2 tai100_20-6 7232.00 6144 6437 0.12350 13.06
00:26:06 3 tai100_20-6 7121.00 6144 6437 0.10626 13.84
00:26:19 4 tai100_20-6 7187.00 6144 6437 0.11651 13.59
00:26:34 5 tai100_20-6 7184.00 6144 6437 0.11605 14.79
00:26:48 1 tai100_20-7 7177.00 5991 6346 0.13095 13.84
00:27:02 2 tai100_20-7 7257.00 5991 6346 0.14355 14.27
00:27:16 3 tai100_20-7 7141.00 5991 6346 0.12528 13.93
00:27:30 4 tai100_20-7 7209.00 5991 6346 0.13599 13.77
00:27:43 5 tai100_20-7 7087.00 5991 6346 0.11677 13.14
00:27:57 1 tai100_20-8 7357.00 6084 6481 0.13516 13.50
00:28:11 2 tai100_20-8 7239.00 6084 6481 0.11696 13.97
00:28:26 3 tai100_20-8 7270.00 6084 6481 0.12174 15.70
00:28:41 4 tai100_20-8 7232.00 6084 6481 0.11588 14.75
00:28:55 5 tai100_20-8 7179.00 6084 6481 0.10770 13.56
00:29:09 1 tai100_20-9 7129.00 5979 6358 0.12126 14.78
00:29:23 2 tai100_20-9 7023.00 5979 6358 0.10459 14.06
00:29:37 3 tai100_20-9 7105.00 5979 6358 0.11749 13.92
00:29:51 4 tai100_20-9 7110.00 5979 6358 0.11828 13.27
00:30:04 5 tai100_20-9 7172.00 5979 6358 0.12803 13.47
00:30:17 1 tai100_20-10 6983.00 6298 6465 0.08012 13.19
00:30:30 2 tai100_20-10 7141.00 6298 6465 0.10456 13.08
00:30:44 3 tai100_20-10 7165.00 6298 6465 0.10828 13.69
00:30:57 4 tai100_20-10 7091.00 6298 6465 0.09683 13.06
00:31:10 5 tai100_20-10 7063.00 6298 6465 0.09250 13.32
