00:09:35 1 tai100_10-1 6161.00 5759 5770 0.06776 13.75
00:09:48 2 tai100_10-1 6092.00 5759 5770 0.05581 12.69
00:10:00 3 tai100_10-1 6219.00 5759 5770 0.07782 12.64
00:10:13 4 tai100_10-1 6188.00 5759 5770 0.07244 12.69
00:10:26 5 tai100_10-1 6114.00 5759 5770 0.05962 13.13
00:10:39 1 tai100_10-2 5678.00 5345 5349 0.06151 12.92
00:10:52 2 tai100_10-2 5712.00 5345 5349 0.06786 12.99
00:11:05 3 tai100_10-2 5732.00 5345 5349 0.07160 12.60
00:11:17 4 tai100_10-2 5780.00 5345 5349 0.08058 12.70
00:11:30 5 tai100_10-2 5711.00 5345 5349 0.06768 12.61
00:11:43 1 tai100_10-3 6048.00 5623 5677 0.06535 12.60
00:11:55 2 tai100_10-3 6064.00 5623 5677 0.06817 12.60
00:12:08 3 tai100_10-3 6132.00 5623 5677 0.08015 12.53
00:12:20 4 tai100_10-3 6047.00 5623 5677 0.06518 12.70
00:12:33 5 tai100_10-3 5966.00 5623 5677 0.05091 12.71
00:12:46 1 tai100_10-4 6298.00 5732 5791 0.08755 12.77
00:12:59 2 tai100_10-4 6200.00 5732 5791 0.07063 12.89
00:13:12 3 tai100_10-4 6349.00 5732 5791 0.09636 13.09
00:13:26 4 tai100_10-4 6187.00 5732 5791 0.06838 13.80
00:13:39 5 tai100_10-4 6325.00 5732 5791 0.09221 13.00
00:13:51 1 tai100_10-5 5898.00 5431 5468 0.07864 12.62
00:14:04 2 tai100_10-5 5843.00 5431 5468 0.06858 12.36
00:14:16 3 tai100_10-5 5897.00 5431 5468 0.07846 12.38
00:14:29 4 tai100_10-5 5946.00 5431 5468 0.08742 12.74
00:14:41 5 tai100_10-5 5893.00 5431 5468 0.07772 12.60
00:14:55 1 tai100_10-6 5695.00 5246 5303 0.07392 13.37
00:15:07 2 tai100_10-6 5652.00 5246 5303 0.06581 12.79
00:15:20 3 tai100_10-6 5627.00 5246 5303 0.06110 12.77
00:15:33 4 tai100_10-6 5643.00 5246 5303 0.06411 12.84
00:15:46 5 tai100_10-6 5602.00 5246 5303 0.05638 12.72
00:15:59 1 tai100_10-7 5870.00 5523 5599 0.04840 12.77
00:16:11 2 tai100_10-7 5878.00 5523 5599 0.04983 12.52
00:16:24 3 tai100_10-7 5912.00 5523 5599 0.05590 12.57
00:16:36 4 tai100_10-7 5970.00 5523 5599 0.06626 12.43
00:16:48 5 tai100_10-7 5845.00 5523 5599 0.04394 12.40
00:17:01 1 tai100_10-8 5891.00 5556 5623 0.04766 12.30
00:17:13 2 tai100_10-8 6108.00 5556 5623 0.08625 12.59
00:17:26 3 tai100_10-8 5973.00 5556 5623 0.06224 12.43
00:17:38 4 tai100_10-8 5962.00 5556 5623 0.06029 12.37
00:17:51 5 tai100_10-8 6014.00 5556 5623 0.06954 12.50
00:18:03 1 tai100_10-9 6194.00 5779 5875 0.05430 12.76
00:18:16 2 tai100_10-9 6176.00 5779 5875 0.05123 12.32
00:18:28 3 tai100_10-9 6185.00 5779 5875 0.05277 12.58
00:18:41 4 tai100_10-9 6260.00 5779 5875 0.06553 12.42
00:18:53 5 tai100_10-9 6208.00 5779 5875 0.05668 12.71
00:19:06 1 tai100_10-10 6165.00 5830 5845 0.05475 12.51
00:19:18 2 tai100_10-10 6135.00 5830 5845 0.04962 12.51
00:19:31 3 tai100_10-10 6176.00 5830 5845 0.05663 12.88
00:19:44 4 tai100_10-10 6155.00 5830 5845 0.05304 12.44
00:19:56 5 tai100_10-10 6114.00 5830 5845 0.04602 12.46
