23:58:42 1 tai100_5-1 5574.00 5437 5493 0.01475 12.50
23:58:55 2 tai100_5-1 5582.00 5437 5493 0.01620 12.55
23:59:07 3 tai100_5-1 5561.00 5437 5493 0.01238 12.74
23:59:20 4 tai100_5-1 5550.00 5437 5493 0.01038 12.36
23:59:32 5 tai100_5-1 5559.00 5437 5493 0.01202 12.43
23:59:45 1 tai100_5-2 5399.00 5208 5268 0.02487 12.43
23:59:57 2 tai100_5-2 5380.00 5208 5268 0.02126 12.20
00:00:09 3 tai100_5-2 5413.00 5208 5268 0.02752 12.47
00:00:21 4 tai100_5-2 5434.00 5208 5268 0.03151 12.24
00:00:34 5 tai100_5-2 5451.00 5208 5268 0.03474 12.45
00:00:47 1 tai100_5-3 5402.00 5130 5175 0.04386 12.66
00:00:59 2 tai100_5-3 5383.00 5130 5175 0.04019 12.38
00:01:11 3 tai100_5-3 5350.00 5130 5175 0.03382 12.41
00:01:24 4 tai100_5-3 5391.00 5130 5175 0.04174 12.72
00:01:37 5 tai100_5-3 5271.00 5130 5175 0.01855 12.93
00:01:50 1 tai100_5-4 5060.00 4963 5014 0.00917 12.64
00:02:03 2 tai100_5-4 5066.00 4963 5014 0.01037 13.53
00:02:16 3 tai100_5-4 5096.00 4963 5014 0.01635 12.56
00:02:28 4 tai100_5-4 5066.00 4963 5014 0.01037 12.62
00:02:41 5 tai100_5-4 5052.00 4963 5014 0.00758 12.86
00:02:55 1 tai100_5-5 5363.00 5195 5250 0.02152 14.20
00:03:11 2 tai100_5-5 5397.00 5195 5250 0.02800 15.26
00:03:25 3 tai100_5-5 5347.00 5195 5250 0.01848 14.07
00:03:41 4 tai100_5-5 5339.00 5195 5250 0.01695 15.81
00:03:56 5 tai100_5-5 5340.00 5195 5250 0.01714 15.92
00:04:12 1 tai100_5-6 5248.00 5063 5135 0.02201 15.80
00:04:25 2 tai100_5-6 5248.00 5063 5135 0.02201 13.20
00:04:38 3 tai100_5-6 5248.00 5063 5135 0.02201 12.83
00:04:52 4 tai100_5-6 5260.00 5063 5135 0.02434 13.26
00:05:04 5 tai100_5-6 5248.00 5063 5135 0.02201 12.43
00:05:17 1 tai100_5-7 5291.00 5198 5246 0.00858 13.51
00:05:30 2 tai100_5-7 5306.00 5198 5246 0.01144 12.95
00:05:44 3 tai100_5-7 5331.00 5198 5246 0.01620 13.49
00:05:58 4 tai100_5-7 5285.00 5198 5246 0.00743 14.34
00:06:12 5 tai100_5-7 5315.00 5198 5246 0.01315 13.62
00:06:24 1 tai100_5-8 5240.00 5038 5106 0.02624 12.52
00:06:37 2 tai100_5-8 5277.00 5038 5106 0.03349 12.54
00:06:49 3 tai100_5-8 5275.00 5038 5106 0.03310 12.38
00:07:02 4 tai100_5-8 5239.00 5038 5106 0.02605 12.34
00:07:14 5 tai100_5-8 5258.00 5038 5106 0.02977 12.75
00:07:27 1 tai100_5-9 5655.00 5385 5454 0.03685 12.61
00:07:40 2 tai100_5-9 5573.00 5385 5454 0.02182 12.49
00:07:52 3 tai100_5-9 5639.00 5385 5454 0.03392 12.57
00:08:05 4 tai100_5-9 5666.00 5385 5454 0.03887 12.81
00:08:18 5 tai100_5-9 5655.00 5385 5454 0.03685 13.13
00:08:30 1 tai100_5-10 5434.00 5272 5328 0.01989 12.40
00:08:43 2 tai100_5-10 5395.00 5272 5328 0.01258 12.54
00:08:56 3 tai100_5-10 5432.00 5272 5328 0.01952 12.58
00:09:08 4 tai100_5-10 5441.00 5272 5328 0.02121 12.62
00:09:21 5 tai100_5-10 5376.00 5272 5328 0.00901 12.68
