23:46:59 1 tai20_5-1 1339.00 1232 1278 0.04773 0.88
23:46:59 2 tai20_5-1 1340.00 1232 1278 0.04851 0.83
23:47:00 3 tai20_5-1 1301.00 1232 1278 0.01800 0.81
23:47:01 4 tai20_5-1 1342.00 1232 1278 0.05008 0.89
23:47:02 5 tai20_5-1 1326.00 1232 1278 0.03756 0.81
23:47:03 1 tai20_5-2 1383.00 1290 1359 0.01766 0.80
23:47:04 2 tai20_5-2 1383.00 1290 1359 0.01766 0.79
23:47:04 3 tai20_5-2 1412.00 1290 1359 0.03900 0.80
23:47:05 4 tai20_5-2 1400.00 1290 1359 0.03017 0.80
23:47:06 5 tai20_5-2 1396.00 1290 1359 0.02723 0.81
23:47:07 1 tai20_5-3 1211.00 1073 1081 0.12026 0.80
23:47:08 2 tai20_5-3 1210.00 1073 1081 0.11933 0.80
23:47:08 3 tai20_5-3 1210.00 1073 1081 0.11933 0.80
23:47:09 4 tai20_5-3 1192.00 1073 1081 0.10268 0.78
23:47:10 5 tai20_5-3 1210.00 1073 1081 0.11933 0.82
23:47:11 1 tai20_5-4 1363.00 1268 1293 0.05414 0.80
23:47:12 2 tai20_5-4 1435.00 1268 1293 0.10982 0.83
23:47:12 3 tai20_5-4 1385.00 1268 1293 0.07115 0.80
23:47:13 4 tai20_5-4 1360.00 1268 1293 0.05182 0.79
23:47:14 5 tai20_5-4 1401.00 1268 1293 0.08353 0.78
23:47:15 1 tai20_5-5 1312.00 1198 1236 0.06149 0.81
23:47:16 2 tai20_5-5 1297.00 1198 1236 0.04935 0.81
23:47:16 3 tai20_5-5 1298.00 1198 1236 0.05016 0.83
23:47:17 4 tai20_5-5 1289.00 1198 1236 0.04288 0.81
23:47:18 5 tai20_5-5 1325.00 1198 1236 0.07201 0.81
23:47:19 1 tai20_5-6 1275.00 1180 1195 0.06695 0.80
23:47:20 2 tai20_5-6 1241.00 1180 1195 0.03849 0.79
23:47:20 3 tai20_5-6 1268.00 1180 1195 0.06109 0.79
23:47:21 4 tai20_5-6 1272.00 1180 1195 0.06444 0.80
23:47:22 5 tai20_5-6 1252.00 1180 1195 0.04770 0.81
23:47:23 1 tai20_5-7 1291.00 1226 1239 0.04197 0.78
23:47:24 2 tai20_5-7 1306.00 1226 1239 0.05408 0.78
23:47:24 3 tai20_5-7 1276.00 1226 1239 0.02986 0.77
23:47:25 4 tai20_5-7 1276.00 1226 1239 0.02986 0.80
23:47:26 5 tai20_5-7 1281.00 1226 1239 0.03390 0.80
23:47:27 1 tai20_5-8 1384.00 1170 1206 0.14760 0.79
23:47:28 2 tai20_5-8 1379.00 1170 1206 0.14345 0.79
23:47:28 3 tai20_5-8 1364.00 1170 1206 0.13101 0.80
23:47:29 4 tai20_5-8 1375.00 1170 1206 0.14013 0.79
23:47:30 5 tai20_5-8 1382.00 1170 1206 0.14594 0.80
23:47:31 1 tai20_5-9 1317.00 1206 1230 0.07073 0.80
23:47:32 2 tai20_5-9 1366.00 1206 1230 0.11057 0.80
23:47:32 3 tai20_5-9 1354.00 1206 1230 0.10081 0.81
23:47:33 4 tai20_5-9 1314.00 1206 1230 0.06829 0.80
23:47:34 5 tai20_5-9 1291.00 1206 1230 0.04959 0.90
23:47:35 1 tai20_5-10 1195.00 1082 1108 0.07852 0.84
23:47:36 2 tai20_5-10 1173.00 1082 1108 0.05866 0.81
23:47:36 3 tai20_5-10 1199.00 1082 1108 0.08213 0.78
23:47:37 4 tai20_5-10 1193.00 1082 1108 0.07671 0.79
23:47:38 5 tai20_5-10 1173.00 1082 1108 0.05866 0.82
