01:09:50 1 tai200_20-1 12676.00 10979 11294 0.12237 51.89
01:10:41 2 tai200_20-1 12472.00 10979 11294 0.10430 51.06
01:11:32 3 tai200_20-1 12686.00 10979 11294 0.12325 50.85
01:12:22 4 tai200_20-1 12660.00 10979 11294 0.12095 50.19
01:13:15 5 tai200_20-1 12608.00 10979 11294 0.11634 52.32
01:14:06 1 tai200_20-2 12646.00 10947 11420 0.10736 51.61
01:14:58 2 tai200_20-2 12772.00 10947 11420 0.11839 51.37
01:15:49 3 tai200_20-2 12451.00 10947 11420 0.09028 50.84
01:16:36 4 tai200_20-2 12540.00 10947 11420 0.09807 47.49
01:17:24 5 tai200_20-2 12616.00 10947 11420 0.10473 47.48
01:18:12 1 tai200_20-3 12743.00 11150 11446 0.11331 48.16
01:19:02 2 tai200_20-3 12730.00 11150 11446 0.11218 50.57
01:19:52 3 tai200_20-3 12495.00 11150 11446 0.09165 49.99
01:20:41 4 tai200_20-3 12519.00 11150 11446 0.09374 48.53
01:21:31 5 tai200_20-3 12694.00 11150 11446 0.10903 50.19
01:22:20 1 tai200_20-4 12440.00 11127 11347 0.09633 49.55
01:23:11 2 tai200_20-4 12467.00 11127 11347 0.09870 50.45
01:24:00 3 tai200_20-4 12752.00 11127 11347 0.12382 49.44
01:24:50 4 tai200_20-4 12632.00 11127 11347 0.11325 49.75
01:25:39 5 tai200_20-4 12756.00 11127 11347 0.12417 48.94
01:26:26 1 tai200_20-5 12653.00 11132 11311 0.11865 47.28
01:27:16 2 tai200_20-5 12483.00 11132 11311 0.10362 49.26
01:28:05 3 tai200_20-5 12570.00 11132 11311 0.11131 49.19
01:28:54 4 tai200_20-5 12384.00 11132 11311 0.09486 49.50
01:29:44 5 tai200_20-5 12657.00 11132 11311 0.11900 49.62
01:30:33 1 tai200_20-6 12249.00 11085 11282 0.08571 49.19
01:31:24 2 tai200_20-6 12464.00 11085 11282 0.10477 51.04
01:32:11 3 tai200_20-6 12453.00 11085 11282 0.10379 46.99
01:32:59 4 tai200_20-6 12546.00 11085 11282 0.11204 47.83
01:33:49 5 tai200_20-6 12459.00 11085 11282 0.10433 50.27
01:34:41 1 tai200_20-7 12817.00 11194 11456 0.11880 51.54
01:35:29 2 tai200_20-7 12845.00 11194 11456 0.12125 48.13
01:36:17 3 tai200_20-7 12709.00 11194 11456 0.10938 47.71
01:37:04 4 tai200_20-7 12830.00 11194 11456 0.11994 47.48
01:37:52 5 tai200_20-7 12732.00 11194 11456 0.11138 47.51
01:38:43 1 tai200_20-8 12461.00 11126 11415 0.09163 51.48
01:39:31 2 tai200_20-8 12610.00 11126 11415 0.10469 47.81
01:40:20 3 tai200_20-8 12492.00 11126 11415 0.09435 49.57
01:41:09 4 tai200_20-8 12562.00 11126 11415 0.10048 48.37
01:41:57 5 tai200_20-8 12518.00 11126 11415 0.09663 48.40
01:42:45 1 tai200_20-9 12714.00 10965 11343 0.12087 47.54
01:43:33 2 tai200_20-9 12495.00 10965 11343 0.10156 48.51
01:44:26 3 tai200_20-9 12641.00 10965 11343 0.11443 52.45
01:45:16 4 tai200_20-9 12680.00 10965 11343 0.11787 50.12
01:46:04 5 tai200_20-9 12561.00 10965 11343 0.10738 48.08
01:46:54 1 tai200_20-10 12735.00 11122 11422 0.11495 49.79
01:47:44 2 tai200_20-10 12800.00 11122 11422 0.12064 50.02
01:48:32 3 tai200_20-10 12734.00 11122 11422 0.11487 48.67
01:49:20 4 tai200_20-10 12753.00 11122 11422 0.11653 48.00
01:50:08 5 tai200_20-10 12616.00 11122 11422 0.10454 47.83
