23:52:12 1 tai50_10-1 3292.00 2907 3025 0.08826 3.69
23:52:15 2 tai50_10-1 3342.00 2907 3025 0.10479 3.81
23:52:19 3 tai50_10-1 3311.00 2907 3025 0.09455 3.64
23:52:23 4 tai50_10-1 3287.00 2907 3025 0.08661 3.99
23:52:27 5 tai50_10-1 3330.00 2907 3025 0.10083 3.65
23:52:30 1 tai50_10-2 3278.00 2821 2892 0.13347 3.68
23:52:34 2 tai50_10-2 3220.00 2821 2892 0.11342 3.62
23:52:38 3 tai50_10-2 3143.00 2821 2892 0.08679 3.62
23:52:41 4 tai50_10-2 3205.00 2821 2892 0.10823 3.78
23:52:45 5 tai50_10-2 3262.00 2821 2892 0.12794 3.65
23:52:49 1 tai50_10-3 3273.00 2801 2864 0.14281 3.67
23:52:52 2 tai50_10-3 3267.00 2801 2864 0.14071 3.65
23:52:56 3 tai50_10-3 3233.00 2801 2864 0.12884 3.60
23:53:00 4 tai50_10-3 3200.00 2801 2864 0.11732 3.68
23:53:03 5 tai50_10-3 3139.00 2801 2864 0.09602 3.79
23:53:07 1 tai50_10-4 3295.00 2968 3064 0.07539 3.65
23:53:11 2 tai50_10-4 3273.00 2968 3064 0.06821 3.59
23:53:14 3 tai50_10-4 3304.00 2968 3064 0.07833 3.64
23:53:18 4 tai50_10-4 3281.00 2968 3064 0.07082 3.63
23:53:21 5 tai50_10-4 3313.00 2968 3064 0.08127 3.59
23:53:25 1 tai50_10-5 3346.00 2908 2986 0.12056 3.83
23:53:29 2 tai50_10-5 3336.00 2908 2986 0.11721 3.78
23:53:33 3 tai50_10-5 3358.00 2908 2986 0.12458 3.71
23:53:36 4 tai50_10-5 3300.00 2908 2986 0.10516 3.70
23:53:40 5 tai50_10-5 3332.00 2908 2986 0.11587 3.86
23:53:44 1 tai50_10-6 3303.00 2941 3006 0.09880 3.77
23:53:48 2 tai50_10-6 3280.00 2941 3006 0.09115 3.90
23:53:52 3 tai50_10-6 3273.00 2941 3006 0.08882 3.87
23:53:56 4 tai50_10-6 3251.00 2941 3006 0.08150 3.78
23:53:59 5 tai50_10-6 3284.00 2941 3006 0.09248 3.72
23:54:03 1 tai50_10-7 3407.00 3062 3107 0.09656 3.85
23:54:07 2 tai50_10-7 3338.00 3062 3107 0.07435 3.92
23:54:11 3 tai50_10-7 3327.00 3062 3107 0.07081 3.90
23:54:15 4 tai50_10-7 3346.00 3062 3107 0.07692 3.86
23:54:19 5 tai50_10-7 3333.00 3062 3107 0.07274 3.99
23:54:23 1 tai50_10-8 3333.00 2959 3039 0.09674 3.67
23:54:26 2 tai50_10-8 3328.00 2959 3039 0.09510 3.67
23:54:30 3 tai50_10-8 3291.00 2959 3039 0.08292 3.63
23:54:33 4 tai50_10-8 3308.00 2959 3039 0.08852 3.59
23:54:37 5 tai50_10-8 3404.00 2959 3039 0.12011 3.96
23:54:41 1 tai50_10-9 3219.00 2795 2902 0.10924 3.84
23:54:45 2 tai50_10-9 3147.00 2795 2902 0.08442 3.65
23:54:49 3 tai50_10-9 3184.00 2795 2902 0.09717 3.67
23:54:52 4 tai50_10-9 3169.00 2795 2902 0.09201 3.91
23:54:56 5 tai50_10-9 3199.00 2795 2902 0.10234 3.60
23:55:00 1 tai50_10-10 3367.00 3046 3091 0.08929 3.64
23:55:03 2 tai50_10-10 3368.00 3046 3091 0.08962 3.61
23:55:07 3 tai50_10-10 3289.00 3046 3091 0.06406 3.59
23:55:11 4 tai50_10-10 3375.00 3046 3091 0.09188 3.61
23:55:14 5 tai50_10-10 3355.00 3046 3091 0.08541 3.57
