23:55:18 1 tai50_20-1 4345.00 3480 3875 0.12129 3.81
23:55:22 2 tai50_20-1 4407.00 3480 3875 0.13729 3.80
23:55:26 3 tai50_20-1 4445.00 3480 3875 0.14710 3.76
23:55:30 4 tai50_20-1 4365.00 3480 3875 0.12645 3.81
23:55:33 5 tai50_20-1 4201.00 3480 3875 0.08413 3.87
23:55:37 1 tai50_20-2 4168.00 3424 3715 0.12194 3.76
23:55:41 2 tai50_20-2 4220.00 3424 3715 0.13594 4.02
23:55:45 3 tai50_20-2 4101.00 3424 3715 0.10390 3.76
23:55:49 4 tai50_20-2 4157.00 3424 3715 0.11898 3.81
23:55:53 5 tai50_20-2 4130.00 3424 3715 0.11171 4.00
23:55:57 1 tai50_20-3 4066.00 3351 3668 0.10851 3.75
23:56:00 2 tai50_20-3 4078.00 3351 3668 0.11178 3.81
23:56:04 3 tai50_20-3 4094.00 3351 3668 0.11614 3.67
23:56:08 4 tai50_20-3 4032.00 3351 3668 0.09924 4.02
23:56:12 5 tai50_20-3 4070.00 3351 3668 0.10960 4.19
23:56:16 1 tai50_20-4 4095.00 3336 3752 0.09142 3.99
23:56:20 2 tai50_20-4 4155.00 3336 3752 0.10741 4.00
23:56:24 3 tai50_20-4 4211.00 3336 3752 0.12233 3.97
23:56:28 4 tai50_20-4 4127.00 3336 3752 0.09995 4.06
23:56:32 5 tai50_20-4 4130.00 3336 3752 0.10075 4.04
23:56:36 1 tai50_20-5 4157.00 3313 3635 0.14360 4.01
23:56:40 2 tai50_20-5 4162.00 3313 3635 0.14498 3.88
23:56:44 3 tai50_20-5 4082.00 3313 3635 0.12297 4.05
23:56:48 4 tai50_20-5 4230.00 3313 3635 0.16369 3.85
23:56:52 5 tai50_20-5 4174.00 3313 3635 0.14828 4.14
23:56:56 1 tai50_20-6 4109.00 3460 3698 0.11114 3.87
23:57:00 2 tai50_20-6 4161.00 3460 3698 0.12520 3.83
23:57:04 3 tai50_20-6 4114.00 3460 3698 0.11249 3.90
23:57:08 4 tai50_20-6 4154.00 3460 3698 0.12331 3.86
23:57:12 5 tai50_20-6 4148.00 3460 3698 0.12169 3.83
23:57:15 1 tai50_20-7 4130.00 3427 3716 0.11141 3.71
23:57:19 2 tai50_20-7 4170.00 3427 3716 0.12217 3.73
23:57:23 3 tai50_20-7 4172.00 3427 3716 0.12271 3.77
23:57:27 4 tai50_20-7 4102.00 3427 3716 0.10388 3.84
23:57:30 5 tai50_20-7 4208.00 3427 3716 0.13240 3.82
23:57:34 1 tai50_20-8 4145.00 3383 3709 0.11755 3.86
23:57:38 2 tai50_20-8 4085.00 3383 3709 0.10138 3.87
23:57:42 3 tai50_20-8 4121.00 3383 3709 0.11108 4.13
23:57:46 4 tai50_20-8 4215.00 3383 3709 0.13642 3.86
23:57:50 5 tai50_20-8 4206.00 3383 3709 0.13400 3.75
23:57:54 1 tai50_20-9 4240.00 3457 3765 0.12616 3.87
23:57:58 2 tai50_20-9 4225.00 3457 3765 0.12218 3.91
23:58:02 3 tai50_20-9 4234.00 3457 3765 0.12457 3.95
23:58:06 4 tai50_20-9 4259.00 3457 3765 0.13121 3.97
23:58:10 5 tai50_20-9 4287.00 3457 3765 0.13865 3.93
23:58:13 1 tai50_20-10 4250.00 3438 3777 0.12523 3.94
23:58:17 2 tai50_20-10 4253.00 3438 3777 0.12603 3.96
23:58:21 3 tai50_20-10 4294.00 3438 3777 0.13688 3.99
23:58:25 4 tai50_20-10 4227.00 3438 3777 0.11914 3.82
23:58:29 5 tai50_20-10 4261.00 3438 3777 0.12814 3.94
