01:54:44 1 tai500_20-1 28640.00 25922 26189 0.09359 275.66
01:59:13 2 tai500_20-1 28779.00 25922 26189 0.09890 269.08
02:03:41 3 tai500_20-1 28592.00 25922 26189 0.09176 267.79
02:08:09 4 tai500_20-1 28527.00 25922 26189 0.08927 267.48
02:12:37 5 tai500_20-1 28466.00 25922 26189 0.08694 267.82
02:17:02 1 tai500_20-2 29220.00 26353 26629 0.09730 265.21
02:21:26 2 tai500_20-2 29002.00 26353 26629 0.08911 264.64
02:25:51 3 tai500_20-2 29050.00 26353 26629 0.09092 264.42
02:30:15 4 tai500_20-2 28808.00 26353 26629 0.08183 264.32
02:34:40 5 tai500_20-2 29011.00 26353 26629 0.08945 265.16
02:39:06 1 tai500_20-3 28858.00 26320 26458 0.09071 265.31
02:43:30 2 tai500_20-3 28450.00 26320 26458 0.07529 264.30
02:47:55 3 tai500_20-3 28730.00 26320 26458 0.08587 265.22
02:52:24 4 tai500_20-3 28770.00 26320 26458 0.08738 268.59
02:56:49 5 tai500_20-3 28735.00 26320 26458 0.08606 265.56
03:01:13 1 tai500_20-4 28858.00 26424 26549 0.08697 263.93
03:05:41 2 tai500_20-4 28872.00 26424 26549 0.08750 267.48
03:10:05 3 tai500_20-4 29030.00 26424 26549 0.09345 264.67
03:14:31 4 tai500_20-4 28822.00 26424 26549 0.08562 265.25
03:18:55 5 tai500_20-4 29021.00 26424 26549 0.09311 264.52
03:23:21 1 tai500_20-5 28715.00 26181 26404 0.08752 265.46
03:27:44 2 tai500_20-5 28852.00 26181 26404 0.09271 263.38
03:32:10 3 tai500_20-5 28734.00 26181 26404 0.08824 266.53
03:36:34 4 tai500_20-5 28618.00 26181 26404 0.08385 263.57
03:40:59 5 tai500_20-5 28701.00 26181 26404 0.08699 264.98
03:45:23 1 tai500_20-6 28885.00 26401 26581 0.08668 264.21
03:49:48 2 tai500_20-6 28820.00 26401 26581 0.08423 264.63
03:54:13 3 tai500_20-6 28869.00 26401 26581 0.08608 265.30
03:58:40 4 tai500_20-6 28801.00 26401 26581 0.08352 267.06
04:03:05 5 tai500_20-6 28731.00 26401 26581 0.08088 264.95
04:07:30 1 tai500_20-7 28538.00 26300 26461 0.07849 264.53
04:11:56 2 tai500_20-7 28551.00 26300 26461 0.07898 265.95
04:16:21 3 tai500_20-7 28579.00 26300 26461 0.08004 265.06
04:20:45 4 tai500_20-7 28526.00 26300 26461 0.07804 264.75
04:25:11 5 tai500_20-7 28621.00 26300 26461 0.08163 265.09
04:29:37 1 tai500_20-8 29072.00 26429 26615 0.09232 265.99
04:34:01 2 tai500_20-8 29062.00 26429 26615 0.09194 264.58
04:38:25 3 tai500_20-8 28931.00 26429 26615 0.08702 264.01
04:42:49 4 tai500_20-8 28989.00 26429 26615 0.08920 263.51
04:47:13 5 tai500_20-8 28986.00 26429 26615 0.08909 264.77
04:51:37 1 tai500_20-9 28496.00 25891 26083 0.09251 263.56
04:56:01 2 tai500_20-9 28294.00 25891 26083 0.08477 264.51
05:00:28 3 tai500_20-9 28516.00 25891 26083 0.09328 266.89
05:04:52 4 tai500_20-9 28394.00 25891 26083 0.08860 263.74
05:09:17 5 tai500_20-9 28163.00 25891 26083 0.07975 264.41
05:13:40 1 tai500_20-10 28895.00 26315 26527 0.08927 263.38
05:18:05 2 tai500_20-10 28604.00 26315 26527 0.07830 264.86
05:22:30 3 tai500_20-10 28336.00 26315 26527 0.06819 265.45
05:26:55 4 tai500_20-10 28743.00 26315 26527 0.08354 265.09
05:31:21 5 tai500_20-10 28782.00 26315 26527 0.08501 266.09
