13:45:51 1 tai100_20-1 7030 5851 6286 32.66
13:46:23 2 tai100_20-1 7054 5851 6286 31.97
13:46:55 3 tai100_20-1 7036 5851 6286 32.09
13:47:27 4 tai100_20-1 7062 5851 6286 32.16
13:47:58 5 tai100_20-1 7053 5851 6286 31.27
13:48:29 1 tai100_20-2 7064 6099 6241 30.53
13:48:59 2 tai100_20-2 7028 6099 6241 30.64
13:49:30 3 tai100_20-2 7049 6099 6241 30.61
13:50:01 4 tai100_20-2 7042 6099 6241 31.05
13:50:31 5 tai100_20-2 7048 6099 6241 29.87
13:51:00 1 tai100_20-3 7078 6099 6329 29.39
13:51:30 2 tai100_20-3 7098 6099 6329 30.01
13:52:00 3 tai100_20-3 7115 6099 6329 29.57
13:52:29 4 tai100_20-3 7066 6099 6329 29.47
13:52:59 5 tai100_20-3 7026 6099 6329 29.54
13:53:29 1 tai100_20-4 7063 6072 6306 29.68
13:53:58 2 tai100_20-4 7029 6072 6306 29.36
13:54:28 3 tai100_20-4 7039 6072 6306 29.58
13:54:58 4 tai100_20-4 7041 6072 6306 30.15
13:55:29 5 tai100_20-4 7045 6072 6306 31.31
13:55:59 1 tai100_20-5 7177 6009 6377 29.87
13:56:29 2 tai100_20-5 7158 6009 6377 29.84
13:56:58 3 tai100_20-5 7168 6009 6377 29.42
13:57:28 4 tai100_20-5 7157 6009 6377 29.55
13:57:57 5 tai100_20-5 7109 6009 6377 29.57
13:58:27 1 tai100_20-6 7209 6144 6437 29.65
13:58:59 2 tai100_20-6 7207 6144 6437 31.69
13:59:29 3 tai100_20-6 7222 6144 6437 30.80
14:00:00 4 tai100_20-6 7138 6144 6437 30.97
14:00:32 5 tai100_20-6 7187 6144 6437 31.28
14:01:03 1 tai100_20-7 7232 5991 6346 31.15
14:01:33 2 tai100_20-7 7224 5991 6346 30.38
14:02:04 3 tai100_20-7 7224 5991 6346 30.86
14:02:35 4 tai100_20-7 7235 5991 6346 30.85
14:03:08 5 tai100_20-7 7169 5991 6346 33.26
14:03:39 1 tai100_20-8 7267 6084 6481 31.10
14:04:10 2 tai100_20-8 7303 6084 6481 31.21
14:04:43 3 tai100_20-8 7293 6084 6481 32.18
14:05:13 4 tai100_20-8 7238 6084 6481 30.12
14:05:44 5 tai100_20-8 7278 6084 6481 30.75
14:06:14 1 tai100_20-9 7159 5979 6358 30.66
14:06:44 2 tai100_20-9 7158 5979 6358 30.16
14:07:16 3 tai100_20-9 7123 5979 6358 31.24
14:07:46 4 tai100_20-9 7129 5979 6358 30.71
14:08:19 5 tai100_20-9 7153 5979 6358 32.82
14:08:50 1 tai100_20-10 7121 6298 6465 30.91
14:09:22 2 tai100_20-10 7143 6298 6465 31.69
14:09:54 3 tai100_20-10 7118 6298 6465 31.94
14:10:26 4 tai100_20-10 7109 6298 6465 32.07
14:10:56 5 tai100_20-10 7128 6298 6465 30.42
