12:31:02 1 tai20_10-1 1701 1448 1582 2.32
12:31:04 2 tai20_10-1 1707 1448 1582 2.09
12:31:06 3 tai20_10-1 1692 1448 1582 1.76
12:31:08 4 tai20_10-1 1705 1448 1582 2.51
12:31:10 5 tai20_10-1 1698 1448 1582 2.13
12:31:12 1 tai20_10-2 1781 1479 1659 1.99
12:31:15 2 tai20_10-2 1775 1479 1659 2.36
12:31:17 3 tai20_10-2 1762 1479 1659 2.12
12:31:19 4 tai20_10-2 1760 1479 1659 2.07
12:31:21 5 tai20_10-2 1768 1479 1659 2.07
12:31:23 1 tai20_10-3 1611 1407 1496 2.14
12:31:25 2 tai20_10-3 1623 1407 1496 2.19
12:31:27 3 tai20_10-3 1615 1407 1496 1.92
12:31:29 4 tai20_10-3 1606 1407 1496 1.76
12:31:31 5 tai20_10-3 1612 1407 1496 1.68
12:31:32 1 tai20_10-4 1491 1308 1378 1.65
12:31:34 2 tai20_10-4 1492 1308 1378 1.70
12:31:36 3 tai20_10-4 1462 1308 1378 1.69
12:31:37 4 tai20_10-4 1479 1308 1378 1.78
12:31:39 5 tai20_10-4 1469 1308 1378 1.75
12:31:41 1 tai20_10-5 1562 1325 1419 1.75
12:31:43 2 tai20_10-5 1562 1325 1419 2.31
12:31:46 3 tai20_10-5 1569 1325 1419 2.35
12:31:48 4 tai20_10-5 1545 1325 1419 2.13
12:31:50 5 tai20_10-5 1553 1325 1419 2.08
12:31:52 1 tai20_10-6 1456 1290 1397 2.12
12:31:54 2 tai20_10-6 1461 1290 1397 2.21
12:31:56 3 tai20_10-6 1459 1290 1397 1.88
12:31:58 4 tai20_10-6 1463 1290 1397 1.76
12:32:00 5 tai20_10-6 1464 1290 1397 1.81
12:32:02 1 tai20_10-7 1581 1388 1484 2.25
12:32:04 2 tai20_10-7 1580 1388 1484 1.93
12:32:06 3 tai20_10-7 1574 1388 1484 1.85
12:32:07 4 tai20_10-7 1580 1388 1484 1.77
12:32:09 5 tai20_10-7 1587 1388 1484 1.73
12:32:11 1 tai20_10-8 1665 1363 1538 1.79
12:32:13 2 tai20_10-8 1674 1363 1538 1.82
12:32:14 3 tai20_10-8 1639 1363 1538 1.69
12:32:16 4 tai20_10-8 1661 1363 1538 1.69
12:32:18 5 tai20_10-8 1650 1363 1538 1.66
12:32:20 1 tai20_10-9 1674 1472 1593 1.88
12:32:22 2 tai20_10-9 1665 1472 1593 2.19
12:32:24 3 tai20_10-9 1676 1472 1593 2.06
12:32:26 4 tai20_10-9 1679 1472 1593 2.19
12:32:28 5 tai20_10-9 1674 1472 1593 2.23
12:32:30 1 tai20_10-10 1682 1356 1591 1.88
12:32:32 2 tai20_10-10 1684 1356 1591 1.85
12:32:34 3 tai20_10-10 1685 1356 1591 2.00
12:32:36 4 tai20_10-10 1689 1356 1591 1.83
12:32:38 5 tai20_10-10 1680 1356 1591 1.70
