15:49:41 1 tai200_20-1 12490 10979 11294 111.88
15:51:35 2 tai200_20-1 12630 10979 11294 113.80
15:53:27 3 tai200_20-1 12600 10979 11294 112.41
15:55:22 4 tai200_20-1 12622 10979 11294 114.89
15:57:17 5 tai200_20-1 12573 10979 11294 114.42
15:59:17 1 tai200_20-2 12680 10947 11420 120.57
16:01:13 2 tai200_20-2 12741 10947 11420 115.72
16:03:10 3 tai200_20-2 12762 10947 11420 116.86
16:05:03 4 tai200_20-2 12783 10947 11420 113.32
16:06:56 5 tai200_20-2 12716 10947 11420 113.14
16:08:50 1 tai200_20-3 12682 11150 11446 113.95
16:10:45 2 tai200_20-3 12694 11150 11446 114.38
16:12:39 3 tai200_20-3 12639 11150 11446 114.79
16:14:50 4 tai200_20-3 12658 11150 11446 130.74
16:16:52 5 tai200_20-3 12704 11150 11446 121.88
16:18:47 1 tai200_20-4 12685 11127 11347 114.65
16:20:52 2 tai200_20-4 12611 11127 11347 124.94
16:22:48 3 tai200_20-4 12622 11127 11347 116.13
16:24:49 4 tai200_20-4 12630 11127 11347 121.23
16:26:41 5 tai200_20-4 12667 11127 11347 112.00
16:28:34 1 tai200_20-5 12665 11132 11311 113.26
16:30:31 2 tai200_20-5 12611 11132 11311 117.18
16:32:25 3 tai200_20-5 12584 11132 11311 113.89
16:34:15 4 tai200_20-5 12544 11132 11311 109.84
16:36:13 5 tai200_20-5 12536 11132 11311 118.16
16:38:27 1 tai200_20-6 12444 11085 11282 134.17
16:40:26 2 tai200_20-6 12481 11085 11282 118.76
16:42:19 3 tai200_20-6 12510 11085 11282 113.16
16:44:11 4 tai200_20-6 12498 11085 11282 111.82
16:46:06 5 tai200_20-6 12554 11085 11282 115.08
16:48:13 1 tai200_20-7 12847 11194 11456 126.93
16:50:17 2 tai200_20-7 12866 11194 11456 123.40
16:52:21 3 tai200_20-7 12828 11194 11456 124.37
16:54:16 4 tai200_20-7 12842 11194 11456 114.96
16:56:16 5 tai200_20-7 12861 11194 11456 119.85
16:58:07 1 tai200_20-8 12608 11126 11415 111.23
17:00:00 2 tai200_20-8 12610 11126 11415 113.25
17:01:54 3 tai200_20-8 12679 11126 11415 113.71
17:03:47 4 tai200_20-8 12602 11126 11415 113.47
17:05:45 5 tai200_20-8 12656 11126 11415 117.35
17:07:39 1 tai200_20-9 12637 10965 11343 114.49
17:09:35 2 tai200_20-9 12565 10965 11343 115.54
17:11:30 3 tai200_20-9 12600 10965 11343 115.02
17:13:31 4 tai200_20-9 12665 10965 11343 121.38
17:15:25 5 tai200_20-9 12681 10965 11343 113.82
17:17:20 1 tai200_20-10 12801 11122 11422 114.85
17:19:24 2 tai200_20-10 12725 11122 11422 123.62
17:21:33 3 tai200_20-10 12775 11122 11422 129.72
17:23:27 4 tai200_20-10 12622 11122 11422 113.27
17:25:14 5 tai200_20-10 12715 11122 11422 107.47
