12:34:28 1 tai50_5-1 2734 2712 2724 9.23
12:34:37 2 tai50_5-1 2735 2712 2724 9.02
12:34:46 3 tai50_5-1 2752 2712 2724 8.55
12:34:54 4 tai50_5-1 2738 2712 2724 8.48
12:35:03 5 tai50_5-1 2748 2712 2724 8.81
12:35:13 1 tai50_5-2 2911 2808 2834 9.32
12:35:21 2 tai50_5-2 2909 2808 2834 8.41
12:35:30 3 tai50_5-2 2912 2808 2834 8.80
12:35:38 4 tai50_5-2 2907 2808 2834 8.35
12:35:46 5 tai50_5-2 2928 2808 2834 8.20
12:35:55 1 tai50_5-3 2661 2596 2621 8.22
12:36:03 2 tai50_5-3 2682 2596 2621 8.22
12:36:11 3 tai50_5-3 2684 2596 2621 8.65
12:36:20 4 tai50_5-3 2686 2596 2621 8.45
12:36:28 5 tai50_5-3 2670 2596 2621 8.18
12:36:36 1 tai50_5-4 2848 2740 2751 8.27
12:36:44 2 tai50_5-4 2848 2740 2751 8.09
12:36:53 3 tai50_5-4 2852 2740 2751 8.17
12:37:01 4 tai50_5-4 2848 2740 2751 8.31
12:37:09 5 tai50_5-4 2848 2740 2751 7.98
12:37:17 1 tai50_5-5 2914 2837 2863 8.00
12:37:25 2 tai50_5-5 2905 2837 2863 8.03
12:37:33 3 tai50_5-5 2908 2837 2863 8.41
12:37:42 4 tai50_5-5 2911 2837 2863 8.26
12:37:51 5 tai50_5-5 2913 2837 2863 9.08
12:37:59 1 tai50_5-6 2879 2793 2829 8.73
12:38:08 2 tai50_5-6 2887 2793 2829 8.29
12:38:16 3 tai50_5-6 2897 2793 2829 7.99
12:38:24 4 tai50_5-6 2887 2793 2829 7.98
12:38:32 5 tai50_5-6 2885 2793 2829 8.02
12:38:40 1 tai50_5-7 2823 2689 2725 8.04
12:38:48 2 tai50_5-7 2831 2689 2725 8.48
12:38:57 3 tai50_5-7 2845 2689 2725 8.48
12:39:05 4 tai50_5-7 2836 2689 2725 8.22
12:39:13 5 tai50_5-7 2832 2689 2725 8.25
12:39:21 1 tai50_5-8 2772 2667 2683 8.23
12:39:31 2 tai50_5-8 2766 2667 2683 9.12
12:39:39 3 tai50_5-8 2773 2667 2683 8.71
12:39:48 4 tai50_5-8 2784 2667 2683 8.51
12:39:56 5 tai50_5-8 2785 2667 2683 8.29
12:40:04 1 tai50_5-9 2615 2527 2552 8.25
12:40:12 2 tai50_5-9 2674 2527 2552 8.16
12:40:21 3 tai50_5-9 2674 2527 2552 8.28
12:40:29 4 tai50_5-9 2662 2527 2552 8.46
12:40:38 5 tai50_5-9 2653 2527 2552 8.47
12:40:46 1 tai50_5-10 2792 2776 2782 8.23
12:40:54 2 tai50_5-10 2810 2776 2782 8.48
12:41:03 3 tai50_5-10 2805 2776 2782 8.37
12:41:11 4 tai50_5-10 2812 2776 2782 8.04
12:41:19 5 tai50_5-10 2817 2776 2782 8.00
