
C:\project\github\master-degree\heuristic and meta-heuristic search\project>java -jar -server -Dcom.sun.xml.internal.ws.transport.http.client.HttpTransportPipe.dump=false -Dfile.encoding=UTF-8 -Xms256m -Xmx1024m -XX:MaxPermSize=512M -XX:-HeapDumpOnOutOfMemoryError -Dsun.rmi.dgc.client.gcInterval=1800000 -Dsun.rmi.dgc.server.gcInterval=1800000 -XX:+UseParNewGC -XX:+UseConcMarkSweepGC -XX:+DisableExplicitGC target/project-1.0-SNAPSHOT.jar 20 10 
17:40:35 1 tai20_10-1 16.51 6.97
17:40:42 2 tai20_10-1 17.27 6.91
17:40:49 3 tai20_10-1 16.02 6.94
17:40:56 4 tai20_10-1 16.85 6.83
17:41:03 5 tai20_10-1 16.57 6.83
17:41:10 1 tai20_10-2 19.54 6.83
17:41:17 2 tai20_10-2 20.62 6.83
17:41:24 3 tai20_10-2 21.50 6.99
17:41:31 4 tai20_10-2 20.15 6.99
17:41:38 5 tai20_10-2 20.55 7.18
17:41:45 1 tai20_10-3 14.57 6.97
17:41:52 2 tai20_10-3 15.78 7.09
17:41:59 3 tai20_10-3 15.14 6.96
17:42:06 4 tai20_10-3 14.00 6.96
17:42:13 5 tai20_10-3 14.78 6.99
17:42:20 1 tai20_10-4 12.69 6.95
17:42:27 2 tai20_10-4 14.53 6.94
17:42:34 3 tai20_10-4 13.00 6.97
17:42:40 4 tai20_10-4 15.06 6.90
17:42:48 5 tai20_10-4 13.38 7.15
17:42:55 1 tai20_10-5 14.42 7.62
17:43:02 2 tai20_10-5 18.11 7.22
17:43:09 3 tai20_10-5 18.42 7.04
17:43:16 4 tai20_10-5 17.74 6.91
17:43:23 5 tai20_10-5 18.34 6.94
17:43:30 1 tai20_10-6 13.88 6.93
17:43:37 2 tai20_10-6 13.33 7.10
17:43:44 3 tai20_10-6 13.57 7.05
17:43:52 4 tai20_10-6 13.41 7.41
17:43:59 5 tai20_10-6 13.33 7.10
17:44:06 1 tai20_10-7 13.33 7.00
17:44:13 2 tai20_10-7 14.34 6.92
17:44:20 3 tai20_10-7 13.83 6.93
17:44:27 4 tai20_10-7 13.83 6.97
17:44:34 5 tai20_10-7 13.40 7.06
17:44:41 1 tai20_10-8 21.94 6.87
17:44:48 2 tai20_10-8 21.64 6.90
17:44:55 3 tai20_10-8 21.50 6.97
17:45:02 4 tai20_10-8 21.94 6.96
17:45:09 5 tai20_10-8 19.81 7.15
17:45:16 1 tai20_10-9 12.98 6.94
17:45:23 2 tai20_10-9 14.33 6.95
17:45:29 3 tai20_10-9 13.32 6.91
17:45:36 4 tai20_10-9 13.52 7.01
17:45:43 5 tai20_10-9 13.93 6.98
17:45:50 1 tai20_10-10 23.97 6.83
17:45:57 2 tai20_10-10 23.45 6.83
17:46:04 3 tai20_10-10 24.34 7.09
17:46:12 4 tai20_10-10 24.04 7.44
17:46:19 5 tai20_10-10 24.85 6.93
