
C:\project\github\master-degree\heuristic and meta-heuristic search\project>java -jar -server -Dcom.sun.xml.internal.ws.transport.http.client.HttpTransportPipe.dump=false -Dfile.encoding=UTF-8 -Xms256m -Xmx1024m -XX:MaxPermSize=512M -XX:-HeapDumpOnOutOfMemoryError -Dsun.rmi.dgc.client.gcInterval=1800000 -Dsun.rmi.dgc.server.gcInterval=1800000 -XX:+UseParNewGC -XX:+UseConcMarkSweepGC -XX:+DisableExplicitGC target/project-1.0-SNAPSHOT.jar 20 20 
17:46:27 1 tai20_20-1 26.69 7.12
17:46:34 2 tai20_20-1 27.63 6.93
17:46:40 3 tai20_20-1 27.32 6.84
17:46:47 4 tai20_20-1 25.48 7.00
17:46:55 5 tai20_20-1 27.16 7.26
17:47:02 1 tai20_20-2 27.70 7.03
17:47:09 2 tai20_20-2 29.40 7.11
17:47:16 3 tai20_20-2 29.87 7.34
17:47:23 4 tai20_20-2 29.40 7.15
17:47:30 5 tai20_20-2 28.99 7.00
17:47:37 1 tai20_20-3 33.24 6.97
17:47:44 2 tai20_20-3 33.89 6.94
17:47:51 3 tai20_20-3 34.49 6.85
17:47:58 4 tai20_20-3 34.38 6.88
17:48:05 5 tai20_20-3 33.84 6.86
17:48:12 1 tai20_20-4 29.23 6.85
17:48:19 2 tai20_20-4 29.28 6.91
17:48:26 3 tai20_20-4 29.50 7.28
17:48:33 4 tai20_20-4 29.45 6.92
17:48:40 5 tai20_20-4 27.96 6.90
17:48:47 1 tai20_20-5 27.65 7.24
17:48:54 2 tai20_20-5 29.12 7.23
17:49:01 3 tai20_20-5 28.65 7.15
17:49:09 4 tai20_20-5 28.86 7.20
17:49:16 5 tai20_20-5 28.33 7.09
17:49:23 1 tai20_20-6 26.40 7.05
17:49:30 2 tai20_20-6 26.61 7.14
17:49:37 3 tai20_20-6 26.13 6.94
17:49:44 4 tai20_20-6 26.29 6.89
17:49:50 5 tai20_20-6 26.13 6.80
17:49:57 1 tai20_20-7 26.61 6.93
17:50:04 2 tai20_20-7 26.45 6.93
17:50:11 3 tai20_20-7 26.77 6.94
17:50:18 4 tai20_20-7 27.47 6.92
17:50:25 5 tai20_20-7 26.56 6.93
17:50:32 1 tai20_20-8 23.09 7.02
17:50:39 2 tai20_20-8 22.55 7.11
17:50:46 3 tai20_20-8 23.94 6.92
17:50:53 4 tai20_20-8 23.78 6.94
17:51:00 5 tai20_20-8 23.88 6.92
17:51:07 1 tai20_20-9 30.11 6.91
17:51:14 2 tai20_20-9 29.95 6.92
17:51:21 3 tai20_20-9 29.57 6.94
17:51:28 4 tai20_20-9 30.33 6.85
17:51:35 5 tai20_20-9 30.11 7.00
17:51:42 1 tai20_20-10 22.37 7.02
17:51:48 2 tai20_20-10 22.16 6.85
17:51:55 3 tai20_20-10 22.47 7.00
17:52:02 4 tai20_20-10 22.21 6.98
17:52:09 5 tai20_20-10 21.53 6.96
