19:32:04 1 tai20_5-1 0.0682 1.68
19:32:06 2 tai20_5-1 0.0722 1.83
19:32:07 3 tai20_5-1 0.0731 1.61
19:32:09 4 tai20_5-1 0.0731 1.59
19:32:11 5 tai20_5-1 0.0682 1.63
19:32:12 1 tai20_5-2 0.0721 1.71
19:32:14 2 tai20_5-2 0.0721 1.63
19:32:16 3 tai20_5-2 0.0721 1.59
19:32:17 4 tai20_5-2 0.0721 1.61
19:32:19 5 tai20_5-2 0.0721 1.59
19:32:20 1 tai20_5-3 0.0997 1.61
19:32:22 2 tai20_5-3 0.1025 1.59
19:32:24 3 tai20_5-3 0.0979 1.60
19:32:25 4 tai20_5-3 0.0997 1.62
19:32:27 5 tai20_5-3 0.0997 1.72
19:32:29 1 tai20_5-4 0.0749 1.99
19:32:31 2 tai20_5-4 0.0670 1.70
19:32:32 3 tai20_5-4 0.0797 1.71
19:32:34 4 tai20_5-4 0.0789 1.74
19:32:36 5 tai20_5-4 0.0804 1.64
19:32:37 1 tai20_5-5 0.0668 1.71
19:32:39 2 tai20_5-5 0.0684 1.73
19:32:41 3 tai20_5-5 0.0609 1.75
19:32:43 4 tai20_5-5 0.0609 1.76
19:32:44 5 tai20_5-5 0.0576 1.61
19:32:46 1 tai20_5-6 0.0517 1.66
19:32:47 2 tai20_5-6 0.0415 1.64
19:32:49 3 tai20_5-6 0.0466 1.75
19:32:51 4 tai20_5-6 0.0331 1.74
19:32:53 5 tai20_5-6 0.0517 1.76
19:32:54 1 tai20_5-7 0.0473 1.67
19:32:56 2 tai20_5-7 0.0392 1.68
19:32:58 3 tai20_5-7 0.0310 1.63
19:32:59 4 tai20_5-7 0.0449 1.60
19:33:01 5 tai20_5-7 0.0375 1.68
19:33:03 1 tai20_5-8 0.1145 1.69
19:33:04 2 tai20_5-8 0.1205 1.64
19:33:06 3 tai20_5-8 0.0966 1.61
19:33:08 4 tai20_5-8 0.1179 1.64
19:33:09 5 tai20_5-8 0.1103 1.61
19:33:11 1 tai20_5-9 0.0763 1.64
19:33:12 2 tai20_5-9 0.0763 1.59
19:33:14 3 tai20_5-9 0.0804 1.61
19:33:16 4 tai20_5-9 0.0771 1.59
19:33:17 5 tai20_5-9 0.0837 1.58
19:33:19 1 tai20_5-10 0.0896 1.57
19:33:20 2 tai20_5-10 0.0850 1.60
19:33:22 3 tai20_5-10 0.0804 1.59
19:33:24 4 tai20_5-10 0.0924 1.59
19:33:25 5 tai20_5-10 0.0860 1.57
