
C:\project\github\master-degree\heuristic and meta-heuristic search\project>java -jar -server -Dcom.sun.xml.internal.ws.transport.http.client.HttpTransportPipe.dump=false -Dfile.encoding=UTF-8 -Xms256m -Xmx1024m -XX:MaxPermSize=512M -XX:-HeapDumpOnOutOfMemoryError -Dsun.rmi.dgc.client.gcInterval=1800000 -Dsun.rmi.dgc.server.gcInterval=1800000 -XX:+UseParNewGC -XX:+UseConcMarkSweepGC -XX:+DisableExplicitGC target/project-1.0-SNAPSHOT.jar 50 10 
19:08:42 1 tai50_10-1 14.41 86.80
19:10:10 2 tai50_10-1 14.10 87.07
19:11:36 3 tai50_10-1 14.00 86.13
19:13:02 4 tai50_10-1 13.97 86.22
19:14:28 5 tai50_10-1 13.93 86.63
19:15:55 1 tai50_10-2 13.90 86.31
19:17:22 2 tai50_10-2 13.36 86.77
19:18:48 3 tai50_10-2 13.75 86.46
19:20:14 4 tai50_10-2 13.08 85.83
19:21:41 5 tai50_10-2 13.22 86.72
19:23:07 1 tai50_10-3 15.42 86.06
19:24:33 2 tai50_10-3 15.35 86.35
19:26:00 3 tai50_10-3 13.85 86.97
19:27:25 4 tai50_10-3 15.71 85.19
19:28:51 5 tai50_10-3 13.60 86.14
19:30:17 1 tai50_10-4 10.61 86.14
19:31:43 2 tai50_10-4 11.73 85.76
19:33:12 3 tai50_10-4 10.34 88.63
19:34:47 4 tai50_10-4 12.67 95.45
19:36:15 5 tai50_10-4 11.96 88.09
19:37:42 1 tai50_10-5 14.03 86.82
19:39:09 2 tai50_10-5 13.65 86.51
19:40:35 3 tai50_10-5 13.20 86.09
19:42:01 4 tai50_10-5 14.06 86.48
19:43:28 5 tai50_10-5 14.31 86.41
19:44:55 1 tai50_10-6 10.20 87.65
19:46:27 2 tai50_10-6 10.71 91.23
19:47:58 3 tai50_10-6 10.17 91.90
19:49:24 4 tai50_10-6 10.91 85.88
19:50:50 5 tai50_10-6 10.37 85.70
19:52:15 1 tai50_10-7 9.47 84.91
19:53:40 2 tai50_10-7 9.73 85.50
19:55:06 3 tai50_10-7 10.65 85.35
19:56:31 4 tai50_10-7 9.90 84.95
19:57:57 5 tai50_10-7 10.16 86.03
19:59:23 1 tai50_10-8 11.73 86.50
20:00:48 2 tai50_10-8 11.63 84.85
20:02:14 3 tai50_10-8 12.23 85.91
20:03:39 4 tai50_10-8 12.71 84.92
20:05:04 5 tai50_10-8 12.67 85.08
20:06:30 1 tai50_10-9 14.85 85.86
20:07:55 2 tai50_10-9 13.24 85.35
20:09:21 3 tai50_10-9 13.45 85.66
20:10:47 4 tai50_10-9 13.88 85.81
20:12:12 5 tai50_10-9 14.17 85.47
20:13:38 1 tai50_10-10 9.55 86.10
20:15:04 2 tai50_10-10 10.28 86.16
20:16:30 3 tai50_10-10 10.11 85.81
20:17:56 4 tai50_10-10 10.21 85.97
20:19:22 5 tai50_10-10 9.91 86.24
