14:54:54 1 tai20_5 1289.00 1232 1278 0.00861 1.01
14:54:55 1 tai20_5 1383.00 1290 1359 0.01766 0.96
14:54:56 1 tai20_5 1162.00 1073 1081 0.07493 0.95
14:54:57 1 tai20_5 1360.00 1268 1293 0.05182 1.00
14:54:58 1 tai20_5 1250.00 1198 1236 0.01133 0.96
14:54:59 1 tai20_5 1210.00 1180 1195 0.01255 0.96
14:55:00 1 tai20_5 1255.00 1226 1239 0.01291 0.95
14:55:01 1 tai20_5 1323.00 1170 1206 0.09701 0.95
14:55:02 1 tai20_5 1322.00 1206 1230 0.07480 0.97
14:55:03 1 tai20_5 1151.00 1082 1108 0.03881 0.95
14:55:04 1 tai20_10 1648.00 1448 1582 0.04172 0.99
14:55:05 1 tai20_10 1754.00 1479 1659 0.05726 0.99
14:55:06 1 tai20_10 1580.00 1407 1496 0.05615 0.99
14:55:07 1 tai20_10 1496.00 1308 1378 0.08563 0.99
14:55:08 1 tai20_10 1536.00 1325 1419 0.08245 0.99
14:55:09 1 tai20_10 1465.00 1290 1397 0.04868 1.00
14:55:10 1 tai20_10 1571.00 1388 1484 0.05863 1.03
14:55:11 1 tai20_10 1618.00 1363 1538 0.05202 1.07
14:55:12 1 tai20_10 1655.00 1472 1593 0.03892 1.02
14:55:13 1 tai20_10 1663.00 1356 1591 0.04525 1.11
14:55:14 1 tai20_20 2406.00 1911 2297 0.04745 1.09
14:55:16 1 tai20_20 2221.00 1711 2100 0.05762 1.06
14:55:17 1 tai20_20 2444.00 1844 2326 0.05073 1.08
14:55:18 1 tai20_20 2341.00 1810 2223 0.05308 1.10
14:55:19 1 tai20_20 2415.00 1899 2291 0.05412 1.24
14:55:20 1 tai20_20 2369.00 1875 2226 0.06424 1.07
14:55:21 1 tai20_20 2399.00 1875 2273 0.05543 1.05
14:55:22 1 tai20_20 2281.00 1880 2200 0.03682 1.25
14:55:24 1 tai20_20 2379.00 1840 2237 0.06348 1.21
14:55:25 1 tai20_20 2273.00 1900 2178 0.04362 1.32
14:55:30 1 tai50_5 2740.00 2712 2724 0.00587 4.84
14:55:34 1 tai50_5 2909.00 2808 2834 0.02646 4.60
14:55:39 1 tai50_5 2682.00 2596 2621 0.02327 4.73
14:55:44 1 tai50_5 2876.00 2740 2751 0.04544 4.92
14:55:48 1 tai50_5 2913.00 2837 2863 0.01746 4.53
14:55:53 1 tai50_5 2945.00 2793 2829 0.04100 4.61
14:55:57 1 tai50_5 2822.00 2689 2725 0.03560 4.30
14:56:02 1 tai50_5 2762.00 2667 2683 0.02944 4.32
14:56:06 1 tai50_5 2624.00 2527 2552 0.02821 4.36
14:56:11 1 tai50_5 2832.00 2776 2782 0.01797 4.48
14:56:15 1 tai50_10 3228.00 2907 3025 0.06711 4.58
14:56:20 1 tai50_10 3116.00 2821 2892 0.07746 4.83
14:56:24 1 tai50_10 3098.00 2801 2864 0.08170 4.45
14:56:29 1 tai50_10 3266.00 2968 3064 0.06593 5.09
14:56:35 1 tai50_10 3268.00 2908 2986 0.09444 5.09
14:56:39 1 tai50_10 3170.00 2941 3006 0.05456 4.47
14:56:44 1 tai50_10 3313.00 3062 3107 0.06630 4.73
14:56:49 1 tai50_10 3232.00 2959 3039 0.06351 4.94
14:56:54 1 tai50_10 3146.00 2795 2902 0.08408 5.00
14:56:59 1 tai50_10 3319.00 3046 3091 0.07376 5.42
14:57:04 1 tai50_20 4224.00 3480 3875 0.09006 5.25
14:57:09 1 tai50_20 4120.00 3424 3715 0.10902 4.94
14:57:14 1 tai50_20 3992.00 3351 3668 0.08833 4.80
14:57:19 1 tai50_20 4078.00 3336 3752 0.08689 4.64
14:57:23 1 tai50_20 3983.00 3313 3635 0.09574 4.65
14:57:28 1 tai50_20 4025.00 3460 3698 0.08843 4.63
14:57:33 1 tai50_20 4079.00 3427 3716 0.09769 4.65
14:57:37 1 tai50_20 4090.00 3383 3709 0.10272 4.77
14:57:42 1 tai50_20 4074.00 3457 3765 0.08207 4.81
14:57:47 1 tai50_20 4148.00 3438 3777 0.09823 5.01
14:58:04 1 tai100_5 5504.00 5437 5493 0.00200 16.60
14:58:20 1 tai100_5 5323.00 5208 5268 0.01044 15.67
14:58:35 1 tai100_5 5317.00 5130 5175 0.02744 14.93
14:58:50 1 tai100_5 5065.00 4963 5014 0.01017 14.99
14:59:05 1 tai100_5 5380.00 5195 5250 0.02476 15.08
14:59:20 1 tai100_5 5248.00 5063 5135 0.02201 15.02
14:59:34 1 tai100_5 5283.00 5198 5246 0.00705 14.86
14:59:49 1 tai100_5 5253.00 5038 5106 0.02879 14.56
15:00:05 1 tai100_5 5532.00 5385 5454 0.01430 15.96
15:00:20 1 tai100_5 5346.00 5272 5328 0.00338 14.92
15:00:36 1 tai100_10 6113.00 5759 5770 0.05945 15.95
15:00:52 1 tai100_10 5628.00 5345 5349 0.05216 15.53
15:01:07 1 tai100_10 6073.00 5623 5677 0.06976 15.39
15:01:22 1 tai100_10 6167.00 5732 5791 0.06493 14.73
15:01:37 1 tai100_10 5805.00 5431 5468 0.06163 14.90
15:01:51 1 tai100_10 5650.00 5246 5303 0.06543 14.91
15:02:06 1 tai100_10 5794.00 5523 5599 0.03483 14.88
15:02:22 1 tai100_10 5929.00 5556 5623 0.05442 15.42
15:02:38 1 tai100_10 6074.00 5779 5875 0.03387 16.24
15:02:54 1 tai100_10 6111.00 5830 5845 0.04551 15.82
15:03:11 1 tai100_20 6835.00 5851 6286 0.08734 16.64
15:03:26 1 tai100_20 6913.00 6099 6241 0.10768 15.41
15:03:42 1 tai100_20 6941.00 6099 6329 0.09670 15.99
15:03:58 1 tai100_20 6891.00 6072 6306 0.09277 15.62
15:04:13 1 tai100_20 6928.00 6009 6377 0.08640 15.42
15:04:30 1 tai100_20 7135.00 6144 6437 0.10844 16.79
15:04:46 1 tai100_20 6990.00 5991 6346 0.10148 16.69
15:05:03 1 tai100_20 7139.00 6084 6481 0.10153 16.28
15:05:18 1 tai100_20 6933.00 5979 6358 0.09044 15.49
15:05:34 1 tai100_20 6983.00 6298 6465 0.08012 15.74
15:06:34 1 tai200_10 11153.00 10816 10868 0.02622 59.58
15:07:33 1 tai200_10 11117.00 10422 10494 0.05937 59.19
15:08:30 1 tai200_10 11397.00 10886 10922 0.04349 57.19
15:09:27 1 tai200_10 11110.00 10794 10889 0.02030 56.53
15:10:22 1 tai200_10 10924.00 10437 10524 0.03801 55.11
15:11:16 1 tai200_10 10818.00 10255 10331 0.04714 53.96
15:12:10 1 tai200_10 11312.00 10761 10857 0.04191 54.65
15:13:04 1 tai200_10 11059.00 10663 10731 0.03057 53.75
15:13:58 1 tai200_10 10851.00 10348 10438 0.03957 54.30
15:14:52 1 tai200_10 11011.00 10616 10676 0.03138 53.73
15:15:49 1 tai200_20 12260.00 10979 11294 0.08553 56.33
15:16:43 1 tai200_20 12333.00 10947 11420 0.07995 54.88
15:17:39 1 tai200_20 12382.00 11150 11446 0.08178 55.41
15:18:34 1 tai200_20 12348.00 11127 11347 0.08822 55.70
15:19:32 1 tai200_20 12347.00 11132 11311 0.09159 57.23
15:20:28 1 tai200_20 12284.00 11085 11282 0.08881 56.29
15:21:24 1 tai200_20 12346.00 11194 11456 0.07769 56.07
15:22:21 1 tai200_20 12351.00 11126 11415 0.08200 57.35
15:23:17 1 tai200_20 12376.00 10965 11343 0.09107 55.91
15:24:14 1 tai200_20 12342.00 11122 11422 0.08055 56.27
15:29:52 1 tai500_20 28814.00 25922 26189 0.10023 338.31
15:35:37 1 tai500_20 28775.00 26353 26629 0.08059 344.59
15:41:21 1 tai500_20 28695.00 26320 26458 0.08455 344.42
15:46:59 1 tai500_20 28823.00 26424 26549 0.08565 337.65
15:52:41 1 tai500_20 28912.00 26181 26404 0.09499 341.90
15:58:40 1 tai500_20 28579.00 26401 26581 0.07517 359.13
16:04:33 1 tai500_20 28430.00 26300 26461 0.07441 352.75
16:10:23 1 tai500_20 28926.00 26429 26615 0.08683 350.22
16:16:10 1 tai500_20 28304.00 25891 26083 0.08515 347.18
16:22:09 1 tai500_20 28436.00 26315 26527 0.07196 358.67
